0 info it worked if it ends with ok
1 verbose cli [ 'C:\\Program Files\\nodejs\\node.exe',
1 verbose cli   'C:\\Documents and Settings\\Sbyt\\Application Data\\npm\\node_modules\\npm\\bin\\npm-cli.js',
1 verbose cli   'i',
1 verbose cli   '--save-dev',
1 verbose cli   'imagemin-jpeg-recompress' ]
2 info using npm@4.0.5
3 info using node@v5.12.0
4 silly loadCurrentTree Starting
5 silly install loadCurrentTree
6 silly install readLocalPackageData
7 silly fetchPackageMetaData imagemin-jpeg-recompress@^5.1.0
8 silly fetchNamedPackageData imagemin-jpeg-recompress
9 silly mapToRegistry name imagemin-jpeg-recompress
10 silly mapToRegistry using default registry
11 silly mapToRegistry registry https://registry.npmjs.org/
12 silly mapToRegistry data Result {
12 silly mapToRegistry   raw: 'imagemin-jpeg-recompress',
12 silly mapToRegistry   scope: null,
12 silly mapToRegistry   escapedName: 'imagemin-jpeg-recompress',
12 silly mapToRegistry   name: 'imagemin-jpeg-recompress',
12 silly mapToRegistry   rawSpec: '',
12 silly mapToRegistry   spec: 'latest',
12 silly mapToRegistry   type: 'tag' }
13 silly mapToRegistry uri https://registry.npmjs.org/imagemin-jpeg-recompress
14 verbose request uri https://registry.npmjs.org/imagemin-jpeg-recompress
15 verbose request no auth needed
16 info attempt registry request try #1 at 17:31:19
17 verbose request id a726d854d9741094
18 verbose etag W/"57594f11-83ec"
19 verbose lastModified Thu, 09 Jun 2016 11:12:17 GMT
20 http request GET https://registry.npmjs.org/imagemin-jpeg-recompress
21 http 304 https://registry.npmjs.org/imagemin-jpeg-recompress
22 verbose headers { date: 'Tue, 10 Jan 2017 15:31:22 GMT',
22 verbose headers   via: '1.1 varnish',
22 verbose headers   'cache-control': 'max-age=300',
22 verbose headers   etag: 'W/"57594f11-83ec"',
22 verbose headers   age: '0',
22 verbose headers   connection: 'keep-alive',
22 verbose headers   'x-served-by': 'cache-hhn1528-HHN',
22 verbose headers   'x-cache': 'HIT',
22 verbose headers   'x-cache-hits': '1',
22 verbose headers   'x-timer': 'S1484062282.283467,VS0,VE1',
22 verbose headers   vary: 'Accept-Encoding' }
23 silly get cb [ 304,
23 silly get   { date: 'Tue, 10 Jan 2017 15:31:22 GMT',
23 silly get     via: '1.1 varnish',
23 silly get     'cache-control': 'max-age=300',
23 silly get     etag: 'W/"57594f11-83ec"',
23 silly get     age: '0',
23 silly get     connection: 'keep-alive',
23 silly get     'x-served-by': 'cache-hhn1528-HHN',
23 silly get     'x-cache': 'HIT',
23 silly get     'x-cache-hits': '1',
23 silly get     'x-timer': 'S1484062282.283467,VS0,VE1',
23 silly get     vary: 'Accept-Encoding' } ]
24 verbose etag https://registry.npmjs.org/imagemin-jpeg-recompress from cache
25 verbose get saving imagemin-jpeg-recompress to C:\Documents and Settings\Sbyt\Application Data\npm-cache\registry.npmjs.org\imagemin-jpeg-recompress\.cache.json
26 verbose correctMkdir C:\Documents and Settings\Sbyt\Application Data\npm-cache correctMkdir not in flight; initializing
27 silly install normalizeTree
28 silly loadCurrentTree Finishing
29 silly loadIdealTree Starting
30 silly install loadIdealTree
31 silly cloneCurrentTree Starting
32 silly install cloneCurrentTreeToIdealTree
33 silly cloneCurrentTree Finishing
34 silly loadShrinkwrap Starting
35 silly install loadShrinkwrap
36 silly loadShrinkwrap Finishing
37 silly loadAllDepsIntoIdealTree Starting
38 silly install loadAllDepsIntoIdealTree
39 silly resolveWithNewModule imagemin-jpeg-recompress@5.1.0 checking installable status
40 silly cache add args [ 'imagemin-jpeg-recompress@^5.1.0', null ]
41 verbose cache add spec imagemin-jpeg-recompress@^5.1.0
42 silly cache add parsed spec Result {
42 silly cache add   raw: 'imagemin-jpeg-recompress@^5.1.0',
42 silly cache add   scope: null,
42 silly cache add   escapedName: 'imagemin-jpeg-recompress',
42 silly cache add   name: 'imagemin-jpeg-recompress',
42 silly cache add   rawSpec: '^5.1.0',
42 silly cache add   spec: '>=5.1.0 <6.0.0',
42 silly cache add   type: 'range' }
43 silly addNamed imagemin-jpeg-recompress@>=5.1.0 <6.0.0
44 verbose addNamed ">=5.1.0 <6.0.0" is a valid semver range for imagemin-jpeg-recompress
45 silly addNameRange { name: 'imagemin-jpeg-recompress',
45 silly addNameRange   range: '>=5.1.0 <6.0.0',
45 silly addNameRange   hasData: false }
46 silly mapToRegistry name imagemin-jpeg-recompress
47 silly mapToRegistry using default registry
48 silly mapToRegistry registry https://registry.npmjs.org/
49 silly mapToRegistry data Result {
49 silly mapToRegistry   raw: 'imagemin-jpeg-recompress',
49 silly mapToRegistry   scope: null,
49 silly mapToRegistry   escapedName: 'imagemin-jpeg-recompress',
49 silly mapToRegistry   name: 'imagemin-jpeg-recompress',
49 silly mapToRegistry   rawSpec: '',
49 silly mapToRegistry   spec: 'latest',
49 silly mapToRegistry   type: 'tag' }
50 silly mapToRegistry uri https://registry.npmjs.org/imagemin-jpeg-recompress
51 verbose addNameRange registry:https://registry.npmjs.org/imagemin-jpeg-recompress not in flight; fetching
52 verbose get https://registry.npmjs.org/imagemin-jpeg-recompress not expired, no request
53 silly addNameRange number 2 { name: 'imagemin-jpeg-recompress',
53 silly addNameRange   range: '>=5.1.0 <6.0.0',
53 silly addNameRange   hasData: true }
54 silly addNameRange versions [ 'imagemin-jpeg-recompress',
54 silly addNameRange   [ '0.0.1',
54 silly addNameRange     '0.1.2',
54 silly addNameRange     '0.3.0',
54 silly addNameRange     '0.4.0',
54 silly addNameRange     '0.4.1',
54 silly addNameRange     '0.5.0',
54 silly addNameRange     '1.0.0',
54 silly addNameRange     '1.0.1',
54 silly addNameRange     '1.0.2',
54 silly addNameRange     '2.0.0',
54 silly addNameRange     '3.0.0',
54 silly addNameRange     '3.1.0',
54 silly addNameRange     '4.0.0',
54 silly addNameRange     '4.1.0',
54 silly addNameRange     '4.2.0',
54 silly addNameRange     '4.2.1',
54 silly addNameRange     '4.3.0',
54 silly addNameRange     '5.0.0',
54 silly addNameRange     '5.1.0' ] ]
55 silly addNamed imagemin-jpeg-recompress@5.1.0
56 verbose addNamed "5.1.0" is a plain semver version for imagemin-jpeg-recompress
57 silly cache afterAdd imagemin-jpeg-recompress@5.1.0
58 verbose afterAdd C:\Documents and Settings\Sbyt\Application Data\npm-cache\imagemin-jpeg-recompress\5.1.0\package\package.json not in flight; writing
59 verbose correctMkdir C:\Documents and Settings\Sbyt\Application Data\npm-cache correctMkdir not in flight; initializing
60 verbose afterAdd C:\Documents and Settings\Sbyt\Application Data\npm-cache\imagemin-jpeg-recompress\5.1.0\package\package.json written
61 silly fetchNamedPackageData jpeg-recompress-bin
62 silly mapToRegistry name jpeg-recompress-bin
63 silly mapToRegistry using default registry
64 silly mapToRegistry registry https://registry.npmjs.org/
65 silly mapToRegistry data Result {
65 silly mapToRegistry   raw: 'jpeg-recompress-bin',
65 silly mapToRegistry   scope: null,
65 silly mapToRegistry   escapedName: 'jpeg-recompress-bin',
65 silly mapToRegistry   name: 'jpeg-recompress-bin',
65 silly mapToRegistry   rawSpec: '',
65 silly mapToRegistry   spec: 'latest',
65 silly mapToRegistry   type: 'tag' }
66 silly mapToRegistry uri https://registry.npmjs.org/jpeg-recompress-bin
67 verbose request uri https://registry.npmjs.org/jpeg-recompress-bin
68 verbose request no auth needed
69 info attempt registry request try #1 at 17:31:20
70 verbose etag W/"55366816-79c7"
71 verbose lastModified Tue, 21 Apr 2015 15:09:10 GMT
72 http request GET https://registry.npmjs.org/jpeg-recompress-bin
73 http 304 https://registry.npmjs.org/jpeg-recompress-bin
74 verbose headers { date: 'Tue, 10 Jan 2017 15:31:22 GMT',
74 verbose headers   via: '1.1 varnish',
74 verbose headers   'cache-control': 'max-age=300',
74 verbose headers   etag: 'W/"55366816-79c7"',
74 verbose headers   age: '31',
74 verbose headers   connection: 'keep-alive',
74 verbose headers   'x-served-by': 'cache-hhn1528-HHN',
74 verbose headers   'x-cache': 'HIT',
74 verbose headers   'x-cache-hits': '1',
74 verbose headers   'x-timer': 'S1484062282.956689,VS0,VE0',
74 verbose headers   vary: 'Accept-Encoding' }
75 silly get cb [ 304,
75 silly get   { date: 'Tue, 10 Jan 2017 15:31:22 GMT',
75 silly get     via: '1.1 varnish',
75 silly get     'cache-control': 'max-age=300',
75 silly get     etag: 'W/"55366816-79c7"',
75 silly get     age: '31',
75 silly get     connection: 'keep-alive',
75 silly get     'x-served-by': 'cache-hhn1528-HHN',
75 silly get     'x-cache': 'HIT',
75 silly get     'x-cache-hits': '1',
75 silly get     'x-timer': 'S1484062282.956689,VS0,VE0',
75 silly get     vary: 'Accept-Encoding' } ]
76 verbose etag https://registry.npmjs.org/jpeg-recompress-bin from cache
77 verbose get saving jpeg-recompress-bin to C:\Documents and Settings\Sbyt\Application Data\npm-cache\registry.npmjs.org\jpeg-recompress-bin\.cache.json
78 verbose correctMkdir C:\Documents and Settings\Sbyt\Application Data\npm-cache correctMkdir not in flight; initializing
79 silly resolveWithNewModule jpeg-recompress-bin@3.0.1 checking installable status
80 silly cache add args [ 'jpeg-recompress-bin@^3.0.1', null ]
81 verbose cache add spec jpeg-recompress-bin@^3.0.1
82 silly cache add parsed spec Result {
82 silly cache add   raw: 'jpeg-recompress-bin@^3.0.1',
82 silly cache add   scope: null,
82 silly cache add   escapedName: 'jpeg-recompress-bin',
82 silly cache add   name: 'jpeg-recompress-bin',
82 silly cache add   rawSpec: '^3.0.1',
82 silly cache add   spec: '>=3.0.1 <4.0.0',
82 silly cache add   type: 'range' }
83 silly addNamed jpeg-recompress-bin@>=3.0.1 <4.0.0
84 verbose addNamed ">=3.0.1 <4.0.0" is a valid semver range for jpeg-recompress-bin
85 silly addNameRange { name: 'jpeg-recompress-bin',
85 silly addNameRange   range: '>=3.0.1 <4.0.0',
85 silly addNameRange   hasData: false }
86 silly mapToRegistry name jpeg-recompress-bin
87 silly mapToRegistry using default registry
88 silly mapToRegistry registry https://registry.npmjs.org/
89 silly mapToRegistry data Result {
89 silly mapToRegistry   raw: 'jpeg-recompress-bin',
89 silly mapToRegistry   scope: null,
89 silly mapToRegistry   escapedName: 'jpeg-recompress-bin',
89 silly mapToRegistry   name: 'jpeg-recompress-bin',
89 silly mapToRegistry   rawSpec: '',
89 silly mapToRegistry   spec: 'latest',
89 silly mapToRegistry   type: 'tag' }
90 silly mapToRegistry uri https://registry.npmjs.org/jpeg-recompress-bin
91 verbose addNameRange registry:https://registry.npmjs.org/jpeg-recompress-bin not in flight; fetching
92 verbose get https://registry.npmjs.org/jpeg-recompress-bin not expired, no request
93 silly addNameRange number 2 { name: 'jpeg-recompress-bin',
93 silly addNameRange   range: '>=3.0.1 <4.0.0',
93 silly addNameRange   hasData: true }
94 silly addNameRange versions [ 'jpeg-recompress-bin',
94 silly addNameRange   [ '0.0.1',
94 silly addNameRange     '0.1.0',
94 silly addNameRange     '0.1.1',
94 silly addNameRange     '0.1.2',
94 silly addNameRange     '0.1.3',
94 silly addNameRange     '0.1.4',
94 silly addNameRange     '0.1.5',
94 silly addNameRange     '0.1.6',
94 silly addNameRange     '0.1.7',
94 silly addNameRange     '0.2.0',
94 silly addNameRange     '0.2.1',
94 silly addNameRange     '0.2.2',
94 silly addNameRange     '1.0.1',
94 silly addNameRange     '1.0.2',
94 silly addNameRange     '2.0.0',
94 silly addNameRange     '2.0.1',
94 silly addNameRange     '2.0.2',
94 silly addNameRange     '2.0.3',
94 silly addNameRange     '3.0.0',
94 silly addNameRange     '3.0.1' ] ]
95 silly addNamed jpeg-recompress-bin@3.0.1
96 verbose addNamed "3.0.1" is a plain semver version for jpeg-recompress-bin
97 silly cache afterAdd jpeg-recompress-bin@3.0.1
98 verbose afterAdd C:\Documents and Settings\Sbyt\Application Data\npm-cache\jpeg-recompress-bin\3.0.1\package\package.json not in flight; writing
99 verbose correctMkdir C:\Documents and Settings\Sbyt\Application Data\npm-cache correctMkdir not in flight; initializing
100 verbose afterAdd C:\Documents and Settings\Sbyt\Application Data\npm-cache\jpeg-recompress-bin\3.0.1\package\package.json written
101 silly fetchNamedPackageData fsevents
102 silly mapToRegistry name fsevents
103 silly mapToRegistry using default registry
104 silly mapToRegistry registry https://registry.npmjs.org/
105 silly mapToRegistry data Result {
105 silly mapToRegistry   raw: 'fsevents',
105 silly mapToRegistry   scope: null,
105 silly mapToRegistry   escapedName: 'fsevents',
105 silly mapToRegistry   name: 'fsevents',
105 silly mapToRegistry   rawSpec: '',
105 silly mapToRegistry   spec: 'latest',
105 silly mapToRegistry   type: 'tag' }
106 silly mapToRegistry uri https://registry.npmjs.org/fsevents
107 verbose request uri https://registry.npmjs.org/fsevents
108 verbose request no auth needed
109 info attempt registry request try #1 at 17:31:20
110 verbose etag W/"586d770e-c238"
111 verbose lastModified Wed, 04 Jan 2017 22:28:30 GMT
112 http request GET https://registry.npmjs.org/fsevents
113 http 304 https://registry.npmjs.org/fsevents
114 verbose headers { date: 'Tue, 10 Jan 2017 15:31:23 GMT',
114 verbose headers   via: '1.1 varnish',
114 verbose headers   'cache-control': 'max-age=300',
114 verbose headers   etag: 'W/"586d770e-c238"',
114 verbose headers   age: '153',
114 verbose headers   connection: 'keep-alive',
114 verbose headers   'x-served-by': 'cache-hhn1528-HHN',
114 verbose headers   'x-cache': 'HIT',
114 verbose headers   'x-cache-hits': '11',
114 verbose headers   'x-timer': 'S1484062283.454527,VS0,VE0',
114 verbose headers   vary: 'Accept-Encoding' }
115 silly get cb [ 304,
115 silly get   { date: 'Tue, 10 Jan 2017 15:31:23 GMT',
115 silly get     via: '1.1 varnish',
115 silly get     'cache-control': 'max-age=300',
115 silly get     etag: 'W/"586d770e-c238"',
115 silly get     age: '153',
115 silly get     connection: 'keep-alive',
115 silly get     'x-served-by': 'cache-hhn1528-HHN',
115 silly get     'x-cache': 'HIT',
115 silly get     'x-cache-hits': '11',
115 silly get     'x-timer': 'S1484062283.454527,VS0,VE0',
115 silly get     vary: 'Accept-Encoding' } ]
116 verbose etag https://registry.npmjs.org/fsevents from cache
117 verbose get saving fsevents to C:\Documents and Settings\Sbyt\Application Data\npm-cache\registry.npmjs.org\fsevents\.cache.json
118 verbose correctMkdir C:\Documents and Settings\Sbyt\Application Data\npm-cache correctMkdir not in flight; initializing
119 silly resolveWithNewModule fsevents@1.0.17 checking installable status
120 silly loadAllDepsIntoIdealTree Finishing
121 silly loadIdealTree Finishing
122 silly currentTree postcss@1.0.0
122 silly currentTree +-- abbrev@1.0.9
122 silly currentTree +-- accepts@1.3.3
122 silly currentTree +-- acorn-jsx@3.0.1
122 silly currentTree +-- acorn-object-spread@1.0.0
122 silly currentTree +-- acorn@3.3.0
122 silly currentTree +-- after@0.8.1
122 silly currentTree +-- align-text@0.1.4
122 silly currentTree +-- amdefine@1.0.1
122 silly currentTree +-- ansi-regex@2.0.0
122 silly currentTree +-- ansi-styles@2.2.1
122 silly currentTree +-- anymatch@1.3.0
122 silly currentTree +-- aproba@1.0.4
122 silly currentTree +-- archive-type@3.2.0
122 silly currentTree +-- archy@1.0.0
122 silly currentTree +-- are-we-there-yet@1.1.2
122 silly currentTree +-- argparse@1.0.9
122 silly currentTree +-- arr-diff@2.0.0
122 silly currentTree +-- arr-flatten@1.0.1
122 silly currentTree +-- array-differ@1.0.0
122 silly currentTree +-- array-find-index@1.0.2
122 silly currentTree +-- array-union@1.0.2
122 silly currentTree +-- array-uniq@1.0.3
122 silly currentTree +-- array-unique@0.2.1
122 silly currentTree +-- arraybuffer.slice@0.0.6
122 silly currentTree +-- arrify@1.0.1
122 silly currentTree +-- asn1@0.2.3
122 silly currentTree +-- assert-plus@0.2.0
122 silly currentTree +-- async-each-series@0.1.1
122 silly currentTree +-- async-each@1.0.1
122 silly currentTree +-- async-foreach@0.1.3
122 silly currentTree +-- async@1.5.2
122 silly currentTree +-- asynckit@0.4.0
122 silly currentTree +-- autoprefixer@6.6.1
122 silly currentTree +-- aws-sign2@0.6.0
122 silly currentTree +-- aws4@1.5.0
122 silly currentTree +-- backo2@1.0.2
122 silly currentTree +-- balanced-match@0.4.2
122 silly currentTree +-- base64-arraybuffer@0.1.5
122 silly currentTree +-- base64id@0.1.0
122 silly currentTree +-- batch@0.5.3
122 silly currentTree +-- bcrypt-pbkdf@1.0.0
122 silly currentTree +-- beeper@1.1.1
122 silly currentTree +-- better-assert@1.0.2
122 silly currentTree +-- bin-build@2.2.0
122 silly currentTree +-- bin-check@2.0.0
122 silly currentTree +-- bin-version-check@2.1.0
122 silly currentTree | `-- semver@4.3.6
122 silly currentTree +-- bin-version@1.0.4
122 silly currentTree +-- bin-wrapper@3.0.2
122 silly currentTree +-- binary-extensions@1.8.0
122 silly currentTree +-- bl@1.2.0
122 silly currentTree +-- blob@0.0.4
122 silly currentTree +-- block-stream@0.0.9
122 silly currentTree +-- boom@2.10.1
122 silly currentTree +-- bower@1.8.0
122 silly currentTree +-- brace-expansion@1.1.6
122 silly currentTree +-- braces@1.8.5
122 silly currentTree +-- browser-sync-client@2.4.4
122 silly currentTree +-- browser-sync-ui@0.6.2
122 silly currentTree +-- browser-sync@2.18.6
122 silly currentTree +-- browserslist@1.5.2
122 silly currentTree +-- bs-recipes@1.3.4
122 silly currentTree +-- buble@0.12.5
122 silly currentTree +-- bubleify@0.5.1
122 silly currentTree +-- buffer-crc32@0.2.13
122 silly currentTree +-- buffer-shims@1.0.0
122 silly currentTree +-- buffer-to-vinyl@1.1.0
122 silly currentTree +-- buildjs.core@0.1.2
122 silly currentTree +-- builtin-modules@1.1.1
122 silly currentTree +-- callsite@1.0.0
122 silly currentTree +-- camelcase-keys@2.1.0
122 silly currentTree +-- camelcase@2.1.1
122 silly currentTree +-- caniuse-db@1.0.30000604
122 silly currentTree +-- capture-stack-trace@1.0.0
122 silly currentTree +-- caseless@0.11.0
122 silly currentTree +-- caw@1.2.0
122 silly currentTree | `-- object-assign@3.0.0
122 silly currentTree +-- center-align@0.1.3
122 silly currentTree +-- chalk@1.1.3
122 silly currentTree +-- chokidar@1.6.1
122 silly currentTree | +-- glob-parent@2.0.0
122 silly currentTree | +-- is-extglob@1.0.0
122 silly currentTree | `-- is-glob@2.0.1
122 silly currentTree +-- clap@1.1.2
122 silly currentTree +-- clean-css@3.4.23
122 silly currentTree | `-- source-map@0.4.4
122 silly currentTree +-- cliui@3.2.0
122 silly currentTree +-- clone-stats@0.0.1
122 silly currentTree +-- clone@1.0.2
122 silly currentTree +-- co@3.1.0
122 silly currentTree +-- coa@1.0.1
122 silly currentTree +-- code-point-at@1.1.0
122 silly currentTree +-- colors@1.1.2
122 silly currentTree +-- combined-stream@1.0.5
122 silly currentTree +-- commander@2.8.1
122 silly currentTree +-- component-bind@1.0.0
122 silly currentTree +-- component-emitter@1.1.2
122 silly currentTree +-- component-inherit@0.0.3
122 silly currentTree +-- concat-map@0.0.1
122 silly currentTree +-- concat-stream@1.6.0
122 silly currentTree +-- connect-history-api-fallback@1.3.0
122 silly currentTree +-- connect@3.5.0
122 silly currentTree +-- console-control-strings@1.1.0
122 silly currentTree +-- console-stream@0.1.1
122 silly currentTree +-- convert-source-map@1.3.0
122 silly currentTree +-- cookie@0.3.1
122 silly currentTree +-- core-util-is@1.0.2
122 silly currentTree +-- create-error-class@3.0.2
122 silly currentTree +-- cross-spawn@4.0.2
122 silly currentTree +-- cryptiles@2.0.5
122 silly currentTree +-- csso@2.2.1
122 silly currentTree +-- currently-unhandled@0.4.1
122 silly currentTree +-- dashdash@1.14.1
122 silly currentTree | `-- assert-plus@1.0.0
122 silly currentTree +-- dateformat@2.0.0
122 silly currentTree +-- debug@2.2.0
122 silly currentTree +-- decamelize@1.2.0
122 silly currentTree +-- decompress-tar@3.1.0
122 silly currentTree | +-- clone@0.2.0
122 silly currentTree | +-- object-assign@2.1.1
122 silly currentTree | `-- vinyl@0.4.6
122 silly currentTree +-- decompress-tarbz2@3.1.0
122 silly currentTree | +-- clone@0.2.0
122 silly currentTree | +-- object-assign@2.1.1
122 silly currentTree | `-- vinyl@0.4.6
122 silly currentTree +-- decompress-targz@3.1.0
122 silly currentTree | +-- clone@0.2.0
122 silly currentTree | +-- object-assign@2.1.1
122 silly currentTree | `-- vinyl@0.4.6
122 silly currentTree +-- decompress-unzip@3.4.0
122 silly currentTree | `-- through2@2.0.3
122 silly currentTree +-- decompress@3.0.0
122 silly currentTree +-- deep-extend@0.4.1
122 silly currentTree +-- defaults@1.0.3
122 silly currentTree +-- delayed-stream@1.0.0
122 silly currentTree +-- delegates@1.0.0
122 silly currentTree +-- depd@1.1.0
122 silly currentTree +-- deprecated@0.0.1
122 silly currentTree +-- destroy@1.0.4
122 silly currentTree +-- detect-file@0.1.0
122 silly currentTree +-- dev-ip@1.0.1
122 silly currentTree +-- download@4.4.3
122 silly currentTree +-- duplexer@0.1.1
122 silly currentTree +-- duplexer2@0.1.4
122 silly currentTree +-- duplexify@3.5.0
122 silly currentTree | +-- end-of-stream@1.0.0
122 silly currentTree | `-- once@1.3.3
122 silly currentTree +-- each-async@1.1.1
122 silly currentTree +-- easy-extender@2.3.2
122 silly currentTree +-- eazy-logger@3.0.2
122 silly currentTree +-- ecc-jsbn@0.1.1
122 silly currentTree +-- ee-first@1.1.1
122 silly currentTree +-- emitter-steward@1.0.0
122 silly currentTree +-- encodeurl@1.0.1
122 silly currentTree +-- end-of-stream@1.1.0
122 silly currentTree | `-- once@1.3.3
122 silly currentTree +-- engine.io-client@1.8.0
122 silly currentTree | +-- component-emitter@1.2.1
122 silly currentTree | +-- debug@2.3.3
122 silly currentTree | `-- ms@0.7.2
122 silly currentTree +-- engine.io-parser@1.3.1
122 silly currentTree | +-- has-binary@0.1.6
122 silly currentTree | `-- isarray@0.0.1
122 silly currentTree +-- engine.io@1.8.0
122 silly currentTree | +-- debug@2.3.3
122 silly currentTree | `-- ms@0.7.2
122 silly currentTree +-- error-ex@1.3.0
122 silly currentTree +-- escape-html@1.0.3
122 silly currentTree +-- escape-string-regexp@1.0.5
122 silly currentTree +-- esprima@2.7.3
122 silly currentTree +-- etag@1.7.0
122 silly currentTree +-- event-stream@3.1.7
122 silly currentTree +-- eventemitter3@1.2.0
122 silly currentTree +-- exec-buffer@3.1.0
122 silly currentTree +-- exec-series@1.0.3
122 silly currentTree | `-- async-each-series@1.1.0
122 silly currentTree +-- execa@0.5.1
122 silly currentTree +-- executable@1.1.0
122 silly currentTree +-- expand-brackets@0.1.5
122 silly currentTree +-- expand-range@1.8.2
122 silly currentTree +-- expand-tilde@1.2.2
122 silly currentTree +-- express@2.5.11
122 silly currentTree | +-- connect@1.9.2
122 silly currentTree | +-- mkdirp@0.3.0
122 silly currentTree | `-- qs@0.4.2
122 silly currentTree +-- extend-shallow@2.0.1
122 silly currentTree +-- extend@3.0.0
122 silly currentTree +-- extglob@0.3.2
122 silly currentTree | `-- is-extglob@1.0.0
122 silly currentTree +-- extsprintf@1.0.2
122 silly currentTree +-- fancy-log@1.3.0
122 silly currentTree +-- fd-slicer@1.0.1
122 silly currentTree +-- figures@1.7.0
122 silly currentTree +-- file-type@3.9.0
122 silly currentTree +-- filename-regex@2.0.0
122 silly currentTree +-- filename-reserved-regex@1.0.0
122 silly currentTree +-- filenamify@1.2.1
122 silly currentTree +-- fill-range@2.2.3
122 silly currentTree +-- finalhandler@0.5.0
122 silly currentTree +-- find-index@0.1.1
122 silly currentTree +-- find-up@1.1.2
122 silly currentTree +-- find-versions@1.2.1
122 silly currentTree +-- findup-sync@0.4.3
122 silly currentTree | +-- is-extglob@1.0.0
122 silly currentTree | `-- is-glob@2.0.1
122 silly currentTree +-- fined@1.0.2
122 silly currentTree +-- first-chunk-stream@1.0.0
122 silly currentTree +-- flagged-respawn@0.3.2
122 silly currentTree +-- for-in@0.1.6
122 silly currentTree +-- for-own@0.1.4
122 silly currentTree +-- forever-agent@0.6.1
122 silly currentTree +-- form-data@2.1.2
122 silly currentTree +-- formidable@1.0.17
122 silly currentTree +-- fresh@0.3.0
122 silly currentTree +-- from@0.1.3
122 silly currentTree +-- fs-exists-sync@0.1.0
122 silly currentTree +-- fs-extra@1.0.0
122 silly currentTree +-- fs.realpath@1.0.0
122 silly currentTree +-- fstream@1.0.10
122 silly currentTree +-- gauge@2.7.2
122 silly currentTree | `-- supports-color@0.2.0
122 silly currentTree +-- gaze@0.5.2
122 silly currentTree +-- generate-function@2.0.0
122 silly currentTree +-- generate-object-property@1.2.0
122 silly currentTree +-- get-caller-file@1.0.2
122 silly currentTree +-- get-proxy@1.1.0
122 silly currentTree +-- get-stdin@4.0.1
122 silly currentTree +-- get-stream@2.3.1
122 silly currentTree +-- getit@0.4.2
122 silly currentTree +-- getpass@0.1.6
122 silly currentTree | `-- assert-plus@1.0.0
122 silly currentTree +-- gifsicle@3.0.4
122 silly currentTree +-- glob-base@0.3.0
122 silly currentTree | +-- glob-parent@2.0.0
122 silly currentTree | +-- is-extglob@1.0.0
122 silly currentTree | `-- is-glob@2.0.1
122 silly currentTree +-- glob-parent@3.1.0
122 silly currentTree +-- glob-stream@5.3.5
122 silly currentTree | `-- glob@5.0.15
122 silly currentTree +-- glob-watcher@0.0.6
122 silly currentTree +-- glob@7.1.1
122 silly currentTree +-- glob2base@0.0.12
122 silly currentTree +-- global-modules@0.2.3
122 silly currentTree +-- global-prefix@0.1.5
122 silly currentTree +-- globby@5.0.0
122 silly currentTree +-- globule@0.1.0
122 silly currentTree | +-- glob@3.1.21
122 silly currentTree | +-- graceful-fs@1.2.3
122 silly currentTree | +-- inherits@1.0.2
122 silly currentTree | +-- lodash@1.0.2
122 silly currentTree | +-- lru-cache@2.7.3
122 silly currentTree | `-- minimatch@0.2.14
122 silly currentTree +-- glogg@1.0.0
122 silly currentTree +-- got@5.7.1
122 silly currentTree +-- graceful-fs@4.1.11
122 silly currentTree +-- graceful-readlink@1.0.1
122 silly currentTree +-- gulp-autoprefixer@3.1.1
122 silly currentTree | `-- through2@2.0.3
122 silly currentTree +-- gulp-clean-css@2.3.2
122 silly currentTree | `-- through2@2.0.3
122 silly currentTree +-- gulp-decompress@1.2.0
122 silly currentTree +-- gulp-imagemin@3.1.1
122 silly currentTree +-- gulp-rename@1.2.2
122 silly currentTree +-- gulp-rigger@0.5.8
122 silly currentTree +-- gulp-sass@2.3.2
122 silly currentTree | `-- through2@2.0.3
122 silly currentTree +-- gulp-sourcemaps@1.6.0
122 silly currentTree | `-- through2@2.0.3
122 silly currentTree +-- gulp-uglify@2.0.0
122 silly currentTree | +-- lodash@4.17.4
122 silly currentTree | `-- through2@2.0.3
122 silly currentTree +-- gulp-util@3.0.8
122 silly currentTree | +-- object-assign@3.0.0
122 silly currentTree | +-- through2@2.0.3
122 silly currentTree | `-- vinyl@0.5.3
122 silly currentTree +-- gulp-watch@4.3.11
122 silly currentTree +-- gulp@3.9.1
122 silly currentTree | +-- clone@0.2.0
122 silly currentTree | +-- glob-stream@3.1.18
122 silly currentTree | +-- glob@4.5.3
122 silly currentTree | +-- graceful-fs@3.0.11
122 silly currentTree | +-- minimatch@2.0.10
122 silly currentTree | +-- ordered-read-streams@0.1.0
122 silly currentTree | +-- semver@4.3.6
122 silly currentTree | +-- strip-bom@1.0.0
122 silly currentTree | +-- unique-stream@1.0.0
122 silly currentTree | +-- vinyl-fs@0.3.14
122 silly currentTree | `-- vinyl@0.4.6
122 silly currentTree +-- gulplog@1.0.0
122 silly currentTree +-- har-validator@2.0.6
122 silly currentTree | `-- commander@2.9.0
122 silly currentTree +-- has-ansi@2.0.0
122 silly currentTree +-- has-binary@0.1.7
122 silly currentTree | `-- isarray@0.0.1
122 silly currentTree +-- has-cors@1.1.0
122 silly currentTree +-- has-flag@1.0.0
122 silly currentTree +-- has-gulplog@0.1.0
122 silly currentTree +-- has-unicode@2.0.1
122 silly currentTree +-- hawk@3.1.3
122 silly currentTree +-- hoek@2.16.3
122 silly currentTree +-- homedir-polyfill@1.0.1
122 silly currentTree +-- hosted-git-info@2.1.5
122 silly currentTree +-- html-comment-regex@1.1.1
122 silly currentTree +-- http-errors@1.5.1
122 silly currentTree +-- http-proxy@1.15.2
122 silly currentTree +-- http-signature@1.1.1
122 silly currentTree +-- hyperquest@0.3.0
122 silly currentTree | `-- through@2.2.7
122 silly currentTree +-- imagemin-gifsicle@5.1.0
122 silly currentTree +-- imagemin-jpegtran@5.0.2
122 silly currentTree +-- imagemin-optipng@5.2.1
122 silly currentTree +-- imagemin-pngquant@5.0.0
122 silly currentTree +-- imagemin-svgo@5.2.0
122 silly currentTree +-- imagemin@5.2.2
122 silly currentTree +-- immutable@3.8.1
122 silly currentTree +-- in-publish@2.0.0
122 silly currentTree +-- indent-string@2.1.0
122 silly currentTree +-- indexof@0.0.1
122 silly currentTree +-- inflight@1.0.6
122 silly currentTree +-- inherits@2.0.3
122 silly currentTree +-- ini@1.3.4
122 silly currentTree +-- interpret@1.0.1
122 silly currentTree +-- invert-kv@1.0.0
122 silly currentTree +-- ip-regex@1.0.3
122 silly currentTree +-- irregular-plurals@1.2.0
122 silly currentTree +-- is-absolute@0.1.7
122 silly currentTree +-- is-arrayish@0.2.1
122 silly currentTree +-- is-binary-path@1.0.1
122 silly currentTree +-- is-buffer@1.1.4
122 silly currentTree +-- is-builtin-module@1.0.0
122 silly currentTree +-- is-bzip2@1.0.0
122 silly currentTree +-- is-dotfile@1.0.2
122 silly currentTree +-- is-equal-shallow@0.1.3
122 silly currentTree +-- is-extendable@0.1.1
122 silly currentTree +-- is-extglob@2.1.1
122 silly currentTree +-- is-finite@1.0.2
122 silly currentTree +-- is-fullwidth-code-point@1.0.0
122 silly currentTree +-- is-gif@1.0.0
122 silly currentTree +-- is-glob@3.1.0
122 silly currentTree +-- is-gzip@1.0.0
122 silly currentTree +-- is-jpg@1.0.0
122 silly currentTree +-- is-my-json-valid@2.15.0
122 silly currentTree +-- is-natural-number@2.1.1
122 silly currentTree +-- is-number-like@1.0.7
122 silly currentTree +-- is-number@2.1.0
122 silly currentTree +-- is-obj@1.0.1
122 silly currentTree +-- is-png@1.0.0
122 silly currentTree +-- is-posix-bracket@0.1.1
122 silly currentTree +-- is-primitive@2.0.0
122 silly currentTree +-- is-property@1.0.2
122 silly currentTree +-- is-redirect@1.0.0
122 silly currentTree +-- is-relative@0.1.3
122 silly currentTree +-- is-retry-allowed@1.1.0
122 silly currentTree +-- is-stream@1.1.0
122 silly currentTree +-- is-svg@2.1.0
122 silly currentTree +-- is-tar@1.0.0
122 silly currentTree +-- is-typedarray@1.0.0
122 silly currentTree +-- is-unc-path@0.1.2
122 silly currentTree +-- is-url@1.2.2
122 silly currentTree +-- is-utf8@0.2.1
122 silly currentTree +-- is-valid-glob@0.3.0
122 silly currentTree +-- is-windows@0.2.0
122 silly currentTree +-- is-zip@1.0.0
122 silly currentTree +-- isarray@1.0.0
122 silly currentTree +-- isexe@1.1.2
122 silly currentTree +-- isobject@2.1.0
122 silly currentTree +-- isstream@0.1.2
122 silly currentTree +-- jodid25519@1.0.2
122 silly currentTree +-- jpegtran-bin@3.2.0
122 silly currentTree +-- js-base64@2.1.9
122 silly currentTree +-- js-yaml@3.6.1
122 silly currentTree +-- jsbn@0.1.0
122 silly currentTree +-- json-schema@0.2.3
122 silly currentTree +-- json-stable-stringify@1.0.1
122 silly currentTree +-- json-stringify-safe@5.0.1
122 silly currentTree +-- json3@3.3.2
122 silly currentTree +-- jsonfile@2.4.0
122 silly currentTree +-- jsonify@0.0.0
122 silly currentTree +-- jsonpointer@4.0.1
122 silly currentTree +-- jsprim@1.3.1
122 silly currentTree +-- kind-of@3.1.0
122 silly currentTree +-- klaw@1.3.1
122 silly currentTree +-- lazy-cache@1.0.4
122 silly currentTree +-- lazy-req@1.1.0
122 silly currentTree +-- lazystream@1.0.0
122 silly currentTree +-- lcid@1.0.0
122 silly currentTree +-- liftoff@2.3.0
122 silly currentTree +-- limiter@1.1.0
122 silly currentTree +-- load-json-file@1.1.0
122 silly currentTree +-- localtunnel@1.8.2
122 silly currentTree | +-- camelcase@1.2.1
122 silly currentTree | `-- yargs@3.29.0
122 silly currentTree +-- lodash._basecopy@3.0.1
122 silly currentTree +-- lodash._basetostring@3.0.1
122 silly currentTree +-- lodash._basevalues@3.0.0
122 silly currentTree +-- lodash._getnative@3.9.1
122 silly currentTree +-- lodash._isiterateecall@3.0.9
122 silly currentTree +-- lodash._reescape@3.0.0
122 silly currentTree +-- lodash._reevaluate@3.0.0
122 silly currentTree +-- lodash._reinterpolate@3.0.0
122 silly currentTree +-- lodash._root@3.0.1
122 silly currentTree +-- lodash.assign@4.2.0
122 silly currentTree +-- lodash.assignwith@4.2.0
122 silly currentTree +-- lodash.clonedeep@4.5.0
122 silly currentTree +-- lodash.escape@3.2.0
122 silly currentTree +-- lodash.isarguments@3.1.0
122 silly currentTree +-- lodash.isarray@3.0.4
122 silly currentTree +-- lodash.isempty@4.4.0
122 silly currentTree +-- lodash.isequal@4.5.0
122 silly currentTree +-- lodash.isfinite@3.3.2
122 silly currentTree +-- lodash.isplainobject@4.0.6
122 silly currentTree +-- lodash.isstring@4.0.1
122 silly currentTree +-- lodash.keys@3.1.2
122 silly currentTree +-- lodash.mapvalues@4.6.0
122 silly currentTree +-- lodash.pick@4.4.0
122 silly currentTree +-- lodash.restparam@3.6.1
122 silly currentTree +-- lodash.template@3.6.2
122 silly currentTree +-- lodash.templatesettings@3.1.1
122 silly currentTree +-- lodash@3.10.1
122 silly currentTree +-- logalot@2.1.0
122 silly currentTree +-- longest@1.0.1
122 silly currentTree +-- loud-rejection@1.6.0
122 silly currentTree +-- lowercase-keys@1.0.0
122 silly currentTree +-- lpad-align@1.1.0
122 silly currentTree +-- lpad@2.0.1
122 silly currentTree +-- lru-cache@4.0.2
122 silly currentTree +-- magic-string@0.14.0
122 silly currentTree +-- make-error-cause@1.2.2
122 silly currentTree +-- make-error@1.2.1
122 silly currentTree +-- map-cache@0.2.2
122 silly currentTree +-- map-obj@1.0.1
122 silly currentTree +-- map-stream@0.1.0
122 silly currentTree +-- meow@3.7.0
122 silly currentTree +-- merge-stream@1.0.1
122 silly currentTree +-- micromatch@2.3.11
122 silly currentTree | +-- is-extglob@1.0.0
122 silly currentTree | `-- is-glob@2.0.1
122 silly currentTree +-- mime-db@1.25.0
122 silly currentTree +-- mime-types@2.1.13
122 silly currentTree +-- mime@1.2.4
122 silly currentTree +-- minimatch@3.0.3
122 silly currentTree +-- minimist@1.2.0
122 silly currentTree +-- mkdirp@0.5.1
122 silly currentTree | `-- minimist@0.0.8
122 silly currentTree +-- ms@0.7.1
122 silly currentTree +-- multipipe@0.1.2
122 silly currentTree | +-- duplexer2@0.0.2
122 silly currentTree | +-- isarray@0.0.1
122 silly currentTree | `-- readable-stream@1.1.14
122 silly currentTree +-- nan@2.5.0
122 silly currentTree +-- natives@1.1.0
122 silly currentTree +-- negotiator@0.6.1
122 silly currentTree +-- node-gyp@3.5.0
122 silly currentTree +-- node-sass@3.13.1
122 silly currentTree | +-- cross-spawn@3.0.1
122 silly currentTree | +-- gaze@1.1.2
122 silly currentTree | +-- globule@1.1.0
122 silly currentTree | `-- lodash@4.16.6
122 silly currentTree +-- node-status-codes@1.0.0
122 silly currentTree +-- node-uuid@1.4.7
122 silly currentTree +-- nopt@3.0.6
122 silly currentTree +-- normalize-package-data@2.3.5
122 silly currentTree +-- normalize-path@2.0.1
122 silly currentTree +-- normalize-range@0.1.2
122 silly currentTree +-- npm-run-path@2.0.2
122 silly currentTree +-- npmlog@4.0.2
122 silly currentTree +-- num2fraction@1.2.2
122 silly currentTree +-- number-is-nan@1.0.1
122 silly currentTree +-- oauth-sign@0.8.2
122 silly currentTree +-- object-assign@4.1.0
122 silly currentTree +-- object-component@0.0.3
122 silly currentTree +-- object-path@0.9.2
122 silly currentTree +-- object.omit@2.0.1
122 silly currentTree +-- on-finished@2.3.0
122 silly currentTree +-- once@1.4.0
122 silly currentTree +-- onetime@1.1.0
122 silly currentTree +-- openurl@1.1.0
122 silly currentTree +-- opn@4.0.2
122 silly currentTree +-- options@0.0.6
122 silly currentTree +-- optipng-bin@3.1.2
122 silly currentTree +-- orchestrator@0.3.8
122 silly currentTree | +-- end-of-stream@0.1.5
122 silly currentTree | `-- once@1.3.3
122 silly currentTree +-- ordered-read-streams@0.3.0
122 silly currentTree +-- os-filter-obj@1.0.3
122 silly currentTree +-- os-homedir@1.0.2
122 silly currentTree +-- os-locale@1.4.0
122 silly currentTree +-- os-tmpdir@1.0.2
122 silly currentTree +-- osenv@0.1.4
122 silly currentTree +-- p-finally@1.0.0
122 silly currentTree +-- parse-filepath@1.0.1
122 silly currentTree | +-- is-absolute@0.2.6
122 silly currentTree | `-- is-relative@0.2.1
122 silly currentTree +-- parse-glob@3.0.4
122 silly currentTree | +-- is-extglob@1.0.0
122 silly currentTree | `-- is-glob@2.0.1
122 silly currentTree +-- parse-json@2.2.0
122 silly currentTree +-- parse-passwd@1.0.0
122 silly currentTree +-- parsejson@0.0.3
122 silly currentTree +-- parseqs@0.0.5
122 silly currentTree +-- parseuri@0.0.5
122 silly currentTree +-- parseurl@1.3.1
122 silly currentTree +-- path-dirname@1.0.2
122 silly currentTree +-- path-exists@2.1.0
122 silly currentTree +-- path-is-absolute@1.0.1
122 silly currentTree +-- path-key@2.0.1
122 silly currentTree +-- path-root-regex@0.1.2
122 silly currentTree +-- path-root@0.1.1
122 silly currentTree +-- path-type@1.1.0
122 silly currentTree +-- pause-stream@0.0.11
122 silly currentTree +-- pend@1.2.0
122 silly currentTree +-- pify@2.3.0
122 silly currentTree +-- pinkie-promise@2.0.1
122 silly currentTree +-- pinkie@2.0.4
122 silly currentTree +-- plur@2.1.2
122 silly currentTree +-- pngquant-bin@3.1.1
122 silly currentTree +-- portscanner@2.1.1
122 silly currentTree +-- postcss-value-parser@3.3.0
122 silly currentTree +-- postcss@5.2.9
122 silly currentTree | `-- supports-color@3.1.2
122 silly currentTree +-- prepend-http@1.0.4
122 silly currentTree +-- preserve@0.2.0
122 silly currentTree +-- pretty-bytes@4.0.2
122 silly currentTree +-- pretty-hrtime@1.0.3
122 silly currentTree +-- process-nextick-args@1.0.7
122 silly currentTree +-- promise.pipe@3.0.0
122 silly currentTree +-- pseudomap@1.0.2
122 silly currentTree +-- pump@1.0.2
122 silly currentTree +-- punycode@1.4.1
122 silly currentTree +-- q@1.4.1
122 silly currentTree +-- qs@6.2.1
122 silly currentTree +-- randomatic@1.1.6
122 silly currentTree +-- range-parser@1.2.0
122 silly currentTree +-- rc@1.1.6
122 silly currentTree +-- read-all-stream@3.1.0
122 silly currentTree +-- read-pkg-up@1.0.1
122 silly currentTree +-- read-pkg@1.1.0
122 silly currentTree +-- readable-stream@2.2.2
122 silly currentTree +-- readdirp@2.1.0
122 silly currentTree +-- rechoir@0.6.2
122 silly currentTree +-- redent@1.0.0
122 silly currentTree +-- regex-cache@0.4.3
122 silly currentTree +-- repeat-element@1.1.2
122 silly currentTree +-- repeat-string@1.6.1
122 silly currentTree +-- repeating@2.0.1
122 silly currentTree +-- replace-ext@0.0.1
122 silly currentTree +-- request@2.78.0
122 silly currentTree | `-- qs@6.3.0
122 silly currentTree +-- require-directory@2.1.1
122 silly currentTree +-- require-main-filename@1.0.1
122 silly currentTree +-- requires-port@1.0.0
122 silly currentTree +-- resolve-dir@0.1.1
122 silly currentTree +-- resolve@1.2.0
122 silly currentTree +-- resp-modifier@6.0.2
122 silly currentTree +-- rigger@0.5.10
122 silly currentTree | +-- async@0.2.10
122 silly currentTree | `-- underscore@1.6.0
122 silly currentTree +-- right-align@0.1.3
122 silly currentTree +-- rimraf@2.5.4
122 silly currentTree +-- rx@4.1.0
122 silly currentTree +-- sass-graph@2.1.2
122 silly currentTree | +-- camelcase@3.0.0
122 silly currentTree | +-- lodash@4.17.4
122 silly currentTree | +-- window-size@0.2.0
122 silly currentTree | +-- yargs-parser@2.4.1
122 silly currentTree | `-- yargs@4.8.1
122 silly currentTree +-- sax@1.2.1
122 silly currentTree +-- seek-bzip@1.0.5
122 silly currentTree +-- semver-regex@1.0.0
122 silly currentTree +-- semver-truncate@1.1.2
122 silly currentTree +-- semver@5.3.0
122 silly currentTree +-- send@0.14.1
122 silly currentTree | `-- mime@1.3.4
122 silly currentTree +-- sequencify@0.0.7
122 silly currentTree +-- serve-index@1.8.0
122 silly currentTree +-- serve-static@1.11.1
122 silly currentTree +-- server-destroy@1.0.1
122 silly currentTree +-- set-blocking@2.0.0
122 silly currentTree +-- set-immediate-shim@1.0.1
122 silly currentTree +-- setprototypeof@1.0.2
122 silly currentTree +-- sigmund@1.0.1
122 silly currentTree +-- signal-exit@3.0.2
122 silly currentTree +-- slash@1.0.0
122 silly currentTree +-- sntp@1.0.9
122 silly currentTree +-- socket.io-adapter@0.5.0
122 silly currentTree | +-- debug@2.3.3
122 silly currentTree | `-- ms@0.7.2
122 silly currentTree +-- socket.io-client@1.6.0
122 silly currentTree | +-- component-emitter@1.2.1
122 silly currentTree | +-- debug@2.3.3
122 silly currentTree | `-- ms@0.7.2
122 silly currentTree +-- socket.io-parser@2.3.1
122 silly currentTree | `-- isarray@0.0.1
122 silly currentTree +-- socket.io@1.6.0
122 silly currentTree | +-- debug@2.3.3
122 silly currentTree | `-- ms@0.7.2
122 silly currentTree +-- source-map@0.5.6
122 silly currentTree +-- sparkles@1.0.0
122 silly currentTree +-- spdx-correct@1.0.2
122 silly currentTree +-- spdx-expression-parse@1.0.4
122 silly currentTree +-- spdx-license-ids@1.2.2
122 silly currentTree +-- split@0.2.10
122 silly currentTree +-- sprintf-js@1.0.3
122 silly currentTree +-- squeak@1.3.0
122 silly currentTree +-- sshpk@1.10.1
122 silly currentTree | `-- assert-plus@1.0.0
122 silly currentTree +-- stat-mode@0.2.2
122 silly currentTree +-- statuses@1.3.1
122 silly currentTree +-- stream-combiner@0.0.4
122 silly currentTree +-- stream-combiner2@1.1.1
122 silly currentTree +-- stream-consume@0.1.0
122 silly currentTree +-- stream-shift@1.0.0
122 silly currentTree +-- stream-throttle@0.1.3
122 silly currentTree +-- string_decoder@0.10.31
122 silly currentTree +-- string-width@1.0.2
122 silly currentTree +-- stringstream@0.0.5
122 silly currentTree +-- strip-ansi@3.0.1
122 silly currentTree +-- strip-bom-stream@1.0.0
122 silly currentTree +-- strip-bom@2.0.0
122 silly currentTree +-- strip-dirs@1.1.1
122 silly currentTree +-- strip-eof@1.0.0
122 silly currentTree +-- strip-indent@1.0.1
122 silly currentTree +-- strip-json-comments@1.0.4
122 silly currentTree +-- strip-outer@1.0.0
122 silly currentTree +-- sum-up@1.0.3
122 silly currentTree +-- supports-color@2.0.0
122 silly currentTree +-- svgo@0.7.1
122 silly currentTree +-- tar-stream@1.5.2
122 silly currentTree +-- tar@2.2.1
122 silly currentTree +-- tempfile@1.1.1
122 silly currentTree +-- tfunk@3.1.0
122 silly currentTree +-- through@2.3.8
122 silly currentTree +-- through2-concurrent@1.1.1
122 silly currentTree | `-- through2@2.0.3
122 silly currentTree +-- through2-filter@2.0.0
122 silly currentTree | `-- through2@2.0.3
122 silly currentTree +-- through2@0.6.5
122 silly currentTree | +-- isarray@0.0.1
122 silly currentTree | `-- readable-stream@1.0.34
122 silly currentTree +-- tildify@1.2.0
122 silly currentTree +-- time-stamp@1.0.1
122 silly currentTree +-- timed-out@3.1.3
122 silly currentTree +-- to-absolute-glob@0.1.1
122 silly currentTree +-- to-array@0.1.4
122 silly currentTree +-- tough-cookie@2.3.2
122 silly currentTree +-- trim-newlines@1.0.0
122 silly currentTree +-- trim-repeated@1.0.0
122 silly currentTree +-- tunnel-agent@0.4.3
122 silly currentTree +-- tweetnacl@0.14.5
122 silly currentTree +-- typedarray@0.0.6
122 silly currentTree +-- ua-parser-js@0.7.12
122 silly currentTree +-- uglify-js@2.7.0
122 silly currentTree | +-- async@0.2.10
122 silly currentTree | +-- camelcase@1.2.1
122 silly currentTree | +-- cliui@2.1.0
122 silly currentTree | +-- window-size@0.1.0
122 silly currentTree | `-- yargs@3.10.0
122 silly currentTree +-- uglify-save-license@0.4.1
122 silly currentTree +-- uglify-to-browserify@1.0.2
122 silly currentTree +-- ultron@1.0.2
122 silly currentTree +-- unc-path-regex@0.1.2
122 silly currentTree +-- underscore@1.7.0
122 silly currentTree +-- unique-stream@2.2.1
122 silly currentTree +-- unpipe@1.0.0
122 silly currentTree +-- unzip-response@1.0.2
122 silly currentTree +-- url-parse-lax@1.0.0
122 silly currentTree +-- url-regex@3.2.0
122 silly currentTree +-- urlish@0.1.0
122 silly currentTree +-- user-home@1.1.1
122 silly currentTree +-- util-deprecate@1.0.2
122 silly currentTree +-- utils-merge@1.0.0
122 silly currentTree +-- uuid@2.0.3
122 silly currentTree +-- v8flags@2.0.11
122 silly currentTree +-- vali-date@1.0.0
122 silly currentTree +-- validate-npm-package-license@3.0.1
122 silly currentTree +-- verror@1.3.6
122 silly currentTree +-- vinyl-assign@1.2.1
122 silly currentTree +-- vinyl-file@2.0.0
122 silly currentTree | +-- first-chunk-stream@2.0.0
122 silly currentTree | `-- strip-bom-stream@2.0.0
122 silly currentTree +-- vinyl-fs@2.4.4
122 silly currentTree | `-- through2@2.0.3
122 silly currentTree +-- vinyl-sourcemaps-apply@0.2.1
122 silly currentTree +-- vinyl@1.2.0
122 silly currentTree +-- vlq@0.2.1
122 silly currentTree +-- ware@1.3.0
122 silly currentTree +-- weinre@2.0.0-pre-I0Z7U9OV
122 silly currentTree +-- whet.extend@0.9.9
122 silly currentTree +-- which-module@1.0.0
122 silly currentTree +-- which@1.2.12
122 silly currentTree +-- wide-align@1.1.0
122 silly currentTree +-- window-size@0.1.4
122 silly currentTree +-- wordwrap@0.0.2
122 silly currentTree +-- wrap-ansi@2.1.0
122 silly currentTree +-- wrap-fn@0.1.5
122 silly currentTree +-- wrappy@1.0.2
122 silly currentTree +-- ws@1.1.1
122 silly currentTree +-- wtf-8@1.0.0
122 silly currentTree +-- xmlhttprequest-ssl@1.5.3
122 silly currentTree +-- xtend@4.0.1
122 silly currentTree +-- y18n@3.2.1
122 silly currentTree +-- yallist@2.0.0
122 silly currentTree +-- yargs-parser@4.2.1
122 silly currentTree | `-- camelcase@3.0.0
122 silly currentTree +-- yargs@6.4.0
122 silly currentTree | +-- camelcase@3.0.0
122 silly currentTree | `-- window-size@0.2.0
122 silly currentTree +-- yauzl@2.7.0
122 silly currentTree `-- yeast@0.1.2
123 silly idealTree postcss@1.0.0
123 silly idealTree +-- abbrev@1.0.9
123 silly idealTree +-- accepts@1.3.3
123 silly idealTree +-- acorn-jsx@3.0.1
123 silly idealTree +-- acorn-object-spread@1.0.0
123 silly idealTree +-- acorn@3.3.0
123 silly idealTree +-- after@0.8.1
123 silly idealTree +-- align-text@0.1.4
123 silly idealTree +-- amdefine@1.0.1
123 silly idealTree +-- ansi-regex@2.0.0
123 silly idealTree +-- ansi-styles@2.2.1
123 silly idealTree +-- anymatch@1.3.0
123 silly idealTree +-- aproba@1.0.4
123 silly idealTree +-- archive-type@3.2.0
123 silly idealTree +-- archy@1.0.0
123 silly idealTree +-- are-we-there-yet@1.1.2
123 silly idealTree +-- argparse@1.0.9
123 silly idealTree +-- arr-diff@2.0.0
123 silly idealTree +-- arr-flatten@1.0.1
123 silly idealTree +-- array-differ@1.0.0
123 silly idealTree +-- array-find-index@1.0.2
123 silly idealTree +-- array-union@1.0.2
123 silly idealTree +-- array-uniq@1.0.3
123 silly idealTree +-- array-unique@0.2.1
123 silly idealTree +-- arraybuffer.slice@0.0.6
123 silly idealTree +-- arrify@1.0.1
123 silly idealTree +-- asn1@0.2.3
123 silly idealTree +-- assert-plus@0.2.0
123 silly idealTree +-- async-each-series@0.1.1
123 silly idealTree +-- async-each@1.0.1
123 silly idealTree +-- async-foreach@0.1.3
123 silly idealTree +-- async@1.5.2
123 silly idealTree +-- asynckit@0.4.0
123 silly idealTree +-- autoprefixer@6.6.1
123 silly idealTree +-- aws-sign2@0.6.0
123 silly idealTree +-- aws4@1.5.0
123 silly idealTree +-- backo2@1.0.2
123 silly idealTree +-- balanced-match@0.4.2
123 silly idealTree +-- base64-arraybuffer@0.1.5
123 silly idealTree +-- base64id@0.1.0
123 silly idealTree +-- batch@0.5.3
123 silly idealTree +-- bcrypt-pbkdf@1.0.0
123 silly idealTree +-- beeper@1.1.1
123 silly idealTree +-- better-assert@1.0.2
123 silly idealTree +-- bin-build@2.2.0
123 silly idealTree +-- bin-check@2.0.0
123 silly idealTree +-- bin-version-check@2.1.0
123 silly idealTree | `-- semver@4.3.6
123 silly idealTree +-- bin-version@1.0.4
123 silly idealTree +-- bin-wrapper@3.0.2
123 silly idealTree +-- binary-extensions@1.8.0
123 silly idealTree +-- bl@1.2.0
123 silly idealTree +-- blob@0.0.4
123 silly idealTree +-- block-stream@0.0.9
123 silly idealTree +-- boom@2.10.1
123 silly idealTree +-- bower@1.8.0
123 silly idealTree +-- brace-expansion@1.1.6
123 silly idealTree +-- braces@1.8.5
123 silly idealTree +-- browser-sync-client@2.4.4
123 silly idealTree +-- browser-sync-ui@0.6.2
123 silly idealTree +-- browser-sync@2.18.6
123 silly idealTree +-- browserslist@1.5.2
123 silly idealTree +-- bs-recipes@1.3.4
123 silly idealTree +-- buble@0.12.5
123 silly idealTree +-- bubleify@0.5.1
123 silly idealTree +-- buffer-crc32@0.2.13
123 silly idealTree +-- buffer-shims@1.0.0
123 silly idealTree +-- buffer-to-vinyl@1.1.0
123 silly idealTree +-- buildjs.core@0.1.2
123 silly idealTree +-- builtin-modules@1.1.1
123 silly idealTree +-- callsite@1.0.0
123 silly idealTree +-- camelcase-keys@2.1.0
123 silly idealTree +-- camelcase@2.1.1
123 silly idealTree +-- caniuse-db@1.0.30000604
123 silly idealTree +-- capture-stack-trace@1.0.0
123 silly idealTree +-- caseless@0.11.0
123 silly idealTree +-- caw@1.2.0
123 silly idealTree | `-- object-assign@3.0.0
123 silly idealTree +-- center-align@0.1.3
123 silly idealTree +-- chalk@1.1.3
123 silly idealTree +-- chokidar@1.6.1
123 silly idealTree | +-- glob-parent@2.0.0
123 silly idealTree | +-- is-extglob@1.0.0
123 silly idealTree | `-- is-glob@2.0.1
123 silly idealTree +-- clap@1.1.2
123 silly idealTree +-- clean-css@3.4.23
123 silly idealTree | `-- source-map@0.4.4
123 silly idealTree +-- cliui@3.2.0
123 silly idealTree +-- clone-stats@0.0.1
123 silly idealTree +-- clone@1.0.2
123 silly idealTree +-- co@3.1.0
123 silly idealTree +-- coa@1.0.1
123 silly idealTree +-- code-point-at@1.1.0
123 silly idealTree +-- colors@1.1.2
123 silly idealTree +-- combined-stream@1.0.5
123 silly idealTree +-- commander@2.8.1
123 silly idealTree +-- component-bind@1.0.0
123 silly idealTree +-- component-emitter@1.1.2
123 silly idealTree +-- component-inherit@0.0.3
123 silly idealTree +-- concat-map@0.0.1
123 silly idealTree +-- concat-stream@1.6.0
123 silly idealTree +-- connect-history-api-fallback@1.3.0
123 silly idealTree +-- connect@3.5.0
123 silly idealTree +-- console-control-strings@1.1.0
123 silly idealTree +-- console-stream@0.1.1
123 silly idealTree +-- convert-source-map@1.3.0
123 silly idealTree +-- cookie@0.3.1
123 silly idealTree +-- core-util-is@1.0.2
123 silly idealTree +-- create-error-class@3.0.2
123 silly idealTree +-- cross-spawn@4.0.2
123 silly idealTree +-- cryptiles@2.0.5
123 silly idealTree +-- csso@2.2.1
123 silly idealTree +-- currently-unhandled@0.4.1
123 silly idealTree +-- dashdash@1.14.1
123 silly idealTree | `-- assert-plus@1.0.0
123 silly idealTree +-- dateformat@2.0.0
123 silly idealTree +-- debug@2.2.0
123 silly idealTree +-- decamelize@1.2.0
123 silly idealTree +-- decompress-tar@3.1.0
123 silly idealTree | +-- clone@0.2.0
123 silly idealTree | +-- object-assign@2.1.1
123 silly idealTree | `-- vinyl@0.4.6
123 silly idealTree +-- decompress-tarbz2@3.1.0
123 silly idealTree | +-- clone@0.2.0
123 silly idealTree | +-- object-assign@2.1.1
123 silly idealTree | `-- vinyl@0.4.6
123 silly idealTree +-- decompress-targz@3.1.0
123 silly idealTree | +-- clone@0.2.0
123 silly idealTree | +-- object-assign@2.1.1
123 silly idealTree | `-- vinyl@0.4.6
123 silly idealTree +-- decompress-unzip@3.4.0
123 silly idealTree | `-- through2@2.0.3
123 silly idealTree +-- decompress@3.0.0
123 silly idealTree +-- deep-extend@0.4.1
123 silly idealTree +-- defaults@1.0.3
123 silly idealTree +-- delayed-stream@1.0.0
123 silly idealTree +-- delegates@1.0.0
123 silly idealTree +-- depd@1.1.0
123 silly idealTree +-- deprecated@0.0.1
123 silly idealTree +-- destroy@1.0.4
123 silly idealTree +-- detect-file@0.1.0
123 silly idealTree +-- dev-ip@1.0.1
123 silly idealTree +-- download@4.4.3
123 silly idealTree +-- duplexer@0.1.1
123 silly idealTree +-- duplexer2@0.1.4
123 silly idealTree +-- duplexify@3.5.0
123 silly idealTree | +-- end-of-stream@1.0.0
123 silly idealTree | `-- once@1.3.3
123 silly idealTree +-- each-async@1.1.1
123 silly idealTree +-- easy-extender@2.3.2
123 silly idealTree +-- eazy-logger@3.0.2
123 silly idealTree +-- ecc-jsbn@0.1.1
123 silly idealTree +-- ee-first@1.1.1
123 silly idealTree +-- emitter-steward@1.0.0
123 silly idealTree +-- encodeurl@1.0.1
123 silly idealTree +-- end-of-stream@1.1.0
123 silly idealTree | `-- once@1.3.3
123 silly idealTree +-- engine.io-client@1.8.0
123 silly idealTree | +-- component-emitter@1.2.1
123 silly idealTree | +-- debug@2.3.3
123 silly idealTree | `-- ms@0.7.2
123 silly idealTree +-- engine.io-parser@1.3.1
123 silly idealTree | +-- has-binary@0.1.6
123 silly idealTree | `-- isarray@0.0.1
123 silly idealTree +-- engine.io@1.8.0
123 silly idealTree | +-- debug@2.3.3
123 silly idealTree | `-- ms@0.7.2
123 silly idealTree +-- error-ex@1.3.0
123 silly idealTree +-- escape-html@1.0.3
123 silly idealTree +-- escape-string-regexp@1.0.5
123 silly idealTree +-- esprima@2.7.3
123 silly idealTree +-- etag@1.7.0
123 silly idealTree +-- event-stream@3.1.7
123 silly idealTree +-- eventemitter3@1.2.0
123 silly idealTree +-- exec-buffer@3.1.0
123 silly idealTree +-- exec-series@1.0.3
123 silly idealTree | `-- async-each-series@1.1.0
123 silly idealTree +-- execa@0.5.1
123 silly idealTree +-- executable@1.1.0
123 silly idealTree +-- expand-brackets@0.1.5
123 silly idealTree +-- expand-range@1.8.2
123 silly idealTree +-- expand-tilde@1.2.2
123 silly idealTree +-- express@2.5.11
123 silly idealTree | +-- connect@1.9.2
123 silly idealTree | +-- mkdirp@0.3.0
123 silly idealTree | `-- qs@0.4.2
123 silly idealTree +-- extend-shallow@2.0.1
123 silly idealTree +-- extend@3.0.0
123 silly idealTree +-- extglob@0.3.2
123 silly idealTree | `-- is-extglob@1.0.0
123 silly idealTree +-- extsprintf@1.0.2
123 silly idealTree +-- fancy-log@1.3.0
123 silly idealTree +-- fd-slicer@1.0.1
123 silly idealTree +-- figures@1.7.0
123 silly idealTree +-- file-type@3.9.0
123 silly idealTree +-- filename-regex@2.0.0
123 silly idealTree +-- filename-reserved-regex@1.0.0
123 silly idealTree +-- filenamify@1.2.1
123 silly idealTree +-- fill-range@2.2.3
123 silly idealTree +-- finalhandler@0.5.0
123 silly idealTree +-- find-index@0.1.1
123 silly idealTree +-- find-up@1.1.2
123 silly idealTree +-- find-versions@1.2.1
123 silly idealTree +-- findup-sync@0.4.3
123 silly idealTree | +-- is-extglob@1.0.0
123 silly idealTree | `-- is-glob@2.0.1
123 silly idealTree +-- fined@1.0.2
123 silly idealTree +-- first-chunk-stream@1.0.0
123 silly idealTree +-- flagged-respawn@0.3.2
123 silly idealTree +-- for-in@0.1.6
123 silly idealTree +-- for-own@0.1.4
123 silly idealTree +-- forever-agent@0.6.1
123 silly idealTree +-- form-data@2.1.2
123 silly idealTree +-- formidable@1.0.17
123 silly idealTree +-- fresh@0.3.0
123 silly idealTree +-- from@0.1.3
123 silly idealTree +-- fs-exists-sync@0.1.0
123 silly idealTree +-- fs-extra@1.0.0
123 silly idealTree +-- fs.realpath@1.0.0
123 silly idealTree +-- fstream@1.0.10
123 silly idealTree +-- gauge@2.7.2
123 silly idealTree | `-- supports-color@0.2.0
123 silly idealTree +-- gaze@0.5.2
123 silly idealTree +-- generate-function@2.0.0
123 silly idealTree +-- generate-object-property@1.2.0
123 silly idealTree +-- get-caller-file@1.0.2
123 silly idealTree +-- get-proxy@1.1.0
123 silly idealTree +-- get-stdin@4.0.1
123 silly idealTree +-- get-stream@2.3.1
123 silly idealTree +-- getit@0.4.2
123 silly idealTree +-- getpass@0.1.6
123 silly idealTree | `-- assert-plus@1.0.0
123 silly idealTree +-- gifsicle@3.0.4
123 silly idealTree +-- glob-base@0.3.0
123 silly idealTree | +-- glob-parent@2.0.0
123 silly idealTree | +-- is-extglob@1.0.0
123 silly idealTree | `-- is-glob@2.0.1
123 silly idealTree +-- glob-parent@3.1.0
123 silly idealTree +-- glob-stream@5.3.5
123 silly idealTree | `-- glob@5.0.15
123 silly idealTree +-- glob-watcher@0.0.6
123 silly idealTree +-- glob@7.1.1
123 silly idealTree +-- glob2base@0.0.12
123 silly idealTree +-- global-modules@0.2.3
123 silly idealTree +-- global-prefix@0.1.5
123 silly idealTree +-- globby@5.0.0
123 silly idealTree +-- globule@0.1.0
123 silly idealTree | +-- glob@3.1.21
123 silly idealTree | +-- graceful-fs@1.2.3
123 silly idealTree | +-- inherits@1.0.2
123 silly idealTree | +-- lodash@1.0.2
123 silly idealTree | +-- lru-cache@2.7.3
123 silly idealTree | `-- minimatch@0.2.14
123 silly idealTree +-- glogg@1.0.0
123 silly idealTree +-- got@5.7.1
123 silly idealTree +-- graceful-fs@4.1.11
123 silly idealTree +-- graceful-readlink@1.0.1
123 silly idealTree +-- gulp-autoprefixer@3.1.1
123 silly idealTree | `-- through2@2.0.3
123 silly idealTree +-- gulp-clean-css@2.3.2
123 silly idealTree | `-- through2@2.0.3
123 silly idealTree +-- gulp-decompress@1.2.0
123 silly idealTree +-- gulp-imagemin@3.1.1
123 silly idealTree +-- gulp-rename@1.2.2
123 silly idealTree +-- gulp-rigger@0.5.8
123 silly idealTree +-- gulp-sass@2.3.2
123 silly idealTree | `-- through2@2.0.3
123 silly idealTree +-- gulp-sourcemaps@1.6.0
123 silly idealTree | `-- through2@2.0.3
123 silly idealTree +-- gulp-uglify@2.0.0
123 silly idealTree | +-- lodash@4.17.4
123 silly idealTree | `-- through2@2.0.3
123 silly idealTree +-- gulp-util@3.0.8
123 silly idealTree | +-- object-assign@3.0.0
123 silly idealTree | +-- through2@2.0.3
123 silly idealTree | `-- vinyl@0.5.3
123 silly idealTree +-- gulp-watch@4.3.11
123 silly idealTree +-- gulp@3.9.1
123 silly idealTree | +-- clone@0.2.0
123 silly idealTree | +-- glob-stream@3.1.18
123 silly idealTree | +-- glob@4.5.3
123 silly idealTree | +-- graceful-fs@3.0.11
123 silly idealTree | +-- minimatch@2.0.10
123 silly idealTree | +-- ordered-read-streams@0.1.0
123 silly idealTree | +-- semver@4.3.6
123 silly idealTree | +-- strip-bom@1.0.0
123 silly idealTree | +-- unique-stream@1.0.0
123 silly idealTree | +-- vinyl-fs@0.3.14
123 silly idealTree | `-- vinyl@0.4.6
123 silly idealTree +-- gulplog@1.0.0
123 silly idealTree +-- har-validator@2.0.6
123 silly idealTree | `-- commander@2.9.0
123 silly idealTree +-- has-ansi@2.0.0
123 silly idealTree +-- has-binary@0.1.7
123 silly idealTree | `-- isarray@0.0.1
123 silly idealTree +-- has-cors@1.1.0
123 silly idealTree +-- has-flag@1.0.0
123 silly idealTree +-- has-gulplog@0.1.0
123 silly idealTree +-- has-unicode@2.0.1
123 silly idealTree +-- hawk@3.1.3
123 silly idealTree +-- hoek@2.16.3
123 silly idealTree +-- homedir-polyfill@1.0.1
123 silly idealTree +-- hosted-git-info@2.1.5
123 silly idealTree +-- html-comment-regex@1.1.1
123 silly idealTree +-- http-errors@1.5.1
123 silly idealTree +-- http-proxy@1.15.2
123 silly idealTree +-- http-signature@1.1.1
123 silly idealTree +-- hyperquest@0.3.0
123 silly idealTree | `-- through@2.2.7
123 silly idealTree +-- imagemin-gifsicle@5.1.0
123 silly idealTree +-- imagemin-jpeg-recompress@5.1.0
123 silly idealTree +-- imagemin-jpegtran@5.0.2
123 silly idealTree +-- imagemin-optipng@5.2.1
123 silly idealTree +-- imagemin-pngquant@5.0.0
123 silly idealTree +-- imagemin-svgo@5.2.0
123 silly idealTree +-- imagemin@5.2.2
123 silly idealTree +-- immutable@3.8.1
123 silly idealTree +-- in-publish@2.0.0
123 silly idealTree +-- indent-string@2.1.0
123 silly idealTree +-- indexof@0.0.1
123 silly idealTree +-- inflight@1.0.6
123 silly idealTree +-- inherits@2.0.3
123 silly idealTree +-- ini@1.3.4
123 silly idealTree +-- interpret@1.0.1
123 silly idealTree +-- invert-kv@1.0.0
123 silly idealTree +-- ip-regex@1.0.3
123 silly idealTree +-- irregular-plurals@1.2.0
123 silly idealTree +-- is-absolute@0.1.7
123 silly idealTree +-- is-arrayish@0.2.1
123 silly idealTree +-- is-binary-path@1.0.1
123 silly idealTree +-- is-buffer@1.1.4
123 silly idealTree +-- is-builtin-module@1.0.0
123 silly idealTree +-- is-bzip2@1.0.0
123 silly idealTree +-- is-dotfile@1.0.2
123 silly idealTree +-- is-equal-shallow@0.1.3
123 silly idealTree +-- is-extendable@0.1.1
123 silly idealTree +-- is-extglob@2.1.1
123 silly idealTree +-- is-finite@1.0.2
123 silly idealTree +-- is-fullwidth-code-point@1.0.0
123 silly idealTree +-- is-gif@1.0.0
123 silly idealTree +-- is-glob@3.1.0
123 silly idealTree +-- is-gzip@1.0.0
123 silly idealTree +-- is-jpg@1.0.0
123 silly idealTree +-- is-my-json-valid@2.15.0
123 silly idealTree +-- is-natural-number@2.1.1
123 silly idealTree +-- is-number-like@1.0.7
123 silly idealTree +-- is-number@2.1.0
123 silly idealTree +-- is-obj@1.0.1
123 silly idealTree +-- is-png@1.0.0
123 silly idealTree +-- is-posix-bracket@0.1.1
123 silly idealTree +-- is-primitive@2.0.0
123 silly idealTree +-- is-property@1.0.2
123 silly idealTree +-- is-redirect@1.0.0
123 silly idealTree +-- is-relative@0.1.3
123 silly idealTree +-- is-retry-allowed@1.1.0
123 silly idealTree +-- is-stream@1.1.0
123 silly idealTree +-- is-svg@2.1.0
123 silly idealTree +-- is-tar@1.0.0
123 silly idealTree +-- is-typedarray@1.0.0
123 silly idealTree +-- is-unc-path@0.1.2
123 silly idealTree +-- is-url@1.2.2
123 silly idealTree +-- is-utf8@0.2.1
123 silly idealTree +-- is-valid-glob@0.3.0
123 silly idealTree +-- is-windows@0.2.0
123 silly idealTree +-- is-zip@1.0.0
123 silly idealTree +-- isarray@1.0.0
123 silly idealTree +-- isexe@1.1.2
123 silly idealTree +-- isobject@2.1.0
123 silly idealTree +-- isstream@0.1.2
123 silly idealTree +-- jodid25519@1.0.2
123 silly idealTree +-- jpeg-recompress-bin@3.0.1
123 silly idealTree +-- jpegtran-bin@3.2.0
123 silly idealTree +-- js-base64@2.1.9
123 silly idealTree +-- js-yaml@3.6.1
123 silly idealTree +-- jsbn@0.1.0
123 silly idealTree +-- json-schema@0.2.3
123 silly idealTree +-- json-stable-stringify@1.0.1
123 silly idealTree +-- json-stringify-safe@5.0.1
123 silly idealTree +-- json3@3.3.2
123 silly idealTree +-- jsonfile@2.4.0
123 silly idealTree +-- jsonify@0.0.0
123 silly idealTree +-- jsonpointer@4.0.1
123 silly idealTree +-- jsprim@1.3.1
123 silly idealTree +-- kind-of@3.1.0
123 silly idealTree +-- klaw@1.3.1
123 silly idealTree +-- lazy-cache@1.0.4
123 silly idealTree +-- lazy-req@1.1.0
123 silly idealTree +-- lazystream@1.0.0
123 silly idealTree +-- lcid@1.0.0
123 silly idealTree +-- liftoff@2.3.0
123 silly idealTree +-- limiter@1.1.0
123 silly idealTree +-- load-json-file@1.1.0
123 silly idealTree +-- localtunnel@1.8.2
123 silly idealTree | +-- camelcase@1.2.1
123 silly idealTree | `-- yargs@3.29.0
123 silly idealTree +-- lodash._basecopy@3.0.1
123 silly idealTree +-- lodash._basetostring@3.0.1
123 silly idealTree +-- lodash._basevalues@3.0.0
123 silly idealTree +-- lodash._getnative@3.9.1
123 silly idealTree +-- lodash._isiterateecall@3.0.9
123 silly idealTree +-- lodash._reescape@3.0.0
123 silly idealTree +-- lodash._reevaluate@3.0.0
123 silly idealTree +-- lodash._reinterpolate@3.0.0
123 silly idealTree +-- lodash._root@3.0.1
123 silly idealTree +-- lodash.assign@4.2.0
123 silly idealTree +-- lodash.assignwith@4.2.0
123 silly idealTree +-- lodash.clonedeep@4.5.0
123 silly idealTree +-- lodash.escape@3.2.0
123 silly idealTree +-- lodash.isarguments@3.1.0
123 silly idealTree +-- lodash.isarray@3.0.4
123 silly idealTree +-- lodash.isempty@4.4.0
123 silly idealTree +-- lodash.isequal@4.5.0
123 silly idealTree +-- lodash.isfinite@3.3.2
123 silly idealTree +-- lodash.isplainobject@4.0.6
123 silly idealTree +-- lodash.isstring@4.0.1
123 silly idealTree +-- lodash.keys@3.1.2
123 silly idealTree +-- lodash.mapvalues@4.6.0
123 silly idealTree +-- lodash.pick@4.4.0
123 silly idealTree +-- lodash.restparam@3.6.1
123 silly idealTree +-- lodash.template@3.6.2
123 silly idealTree +-- lodash.templatesettings@3.1.1
123 silly idealTree +-- lodash@3.10.1
123 silly idealTree +-- logalot@2.1.0
123 silly idealTree +-- longest@1.0.1
123 silly idealTree +-- loud-rejection@1.6.0
123 silly idealTree +-- lowercase-keys@1.0.0
123 silly idealTree +-- lpad-align@1.1.0
123 silly idealTree +-- lpad@2.0.1
123 silly idealTree +-- lru-cache@4.0.2
123 silly idealTree +-- magic-string@0.14.0
123 silly idealTree +-- make-error-cause@1.2.2
123 silly idealTree +-- make-error@1.2.1
123 silly idealTree +-- map-cache@0.2.2
123 silly idealTree +-- map-obj@1.0.1
123 silly idealTree +-- map-stream@0.1.0
123 silly idealTree +-- meow@3.7.0
123 silly idealTree +-- merge-stream@1.0.1
123 silly idealTree +-- micromatch@2.3.11
123 silly idealTree | +-- is-extglob@1.0.0
123 silly idealTree | `-- is-glob@2.0.1
123 silly idealTree +-- mime-db@1.25.0
123 silly idealTree +-- mime-types@2.1.13
123 silly idealTree +-- mime@1.2.4
123 silly idealTree +-- minimatch@3.0.3
123 silly idealTree +-- minimist@1.2.0
123 silly idealTree +-- mkdirp@0.5.1
123 silly idealTree | `-- minimist@0.0.8
123 silly idealTree +-- ms@0.7.1
123 silly idealTree +-- multipipe@0.1.2
123 silly idealTree | +-- duplexer2@0.0.2
123 silly idealTree | +-- isarray@0.0.1
123 silly idealTree | `-- readable-stream@1.1.14
123 silly idealTree +-- nan@2.5.0
123 silly idealTree +-- natives@1.1.0
123 silly idealTree +-- negotiator@0.6.1
123 silly idealTree +-- node-gyp@3.5.0
123 silly idealTree +-- node-sass@3.13.1
123 silly idealTree | +-- cross-spawn@3.0.1
123 silly idealTree | +-- gaze@1.1.2
123 silly idealTree | +-- globule@1.1.0
123 silly idealTree | `-- lodash@4.16.6
123 silly idealTree +-- node-status-codes@1.0.0
123 silly idealTree +-- node-uuid@1.4.7
123 silly idealTree +-- nopt@3.0.6
123 silly idealTree +-- normalize-package-data@2.3.5
123 silly idealTree +-- normalize-path@2.0.1
123 silly idealTree +-- normalize-range@0.1.2
123 silly idealTree +-- npm-run-path@2.0.2
123 silly idealTree +-- npmlog@4.0.2
123 silly idealTree +-- num2fraction@1.2.2
123 silly idealTree +-- number-is-nan@1.0.1
123 silly idealTree +-- oauth-sign@0.8.2
123 silly idealTree +-- object-assign@4.1.0
123 silly idealTree +-- object-component@0.0.3
123 silly idealTree +-- object-path@0.9.2
123 silly idealTree +-- object.omit@2.0.1
123 silly idealTree +-- on-finished@2.3.0
123 silly idealTree +-- once@1.4.0
123 silly idealTree +-- onetime@1.1.0
123 silly idealTree +-- openurl@1.1.0
123 silly idealTree +-- opn@4.0.2
123 silly idealTree +-- options@0.0.6
123 silly idealTree +-- optipng-bin@3.1.2
123 silly idealTree +-- orchestrator@0.3.8
123 silly idealTree | +-- end-of-stream@0.1.5
123 silly idealTree | `-- once@1.3.3
123 silly idealTree +-- ordered-read-streams@0.3.0
123 silly idealTree +-- os-filter-obj@1.0.3
123 silly idealTree +-- os-homedir@1.0.2
123 silly idealTree +-- os-locale@1.4.0
123 silly idealTree +-- os-tmpdir@1.0.2
123 silly idealTree +-- osenv@0.1.4
123 silly idealTree +-- p-finally@1.0.0
123 silly idealTree +-- parse-filepath@1.0.1
123 silly idealTree | +-- is-absolute@0.2.6
123 silly idealTree | `-- is-relative@0.2.1
123 silly idealTree +-- parse-glob@3.0.4
123 silly idealTree | +-- is-extglob@1.0.0
123 silly idealTree | `-- is-glob@2.0.1
123 silly idealTree +-- parse-json@2.2.0
123 silly idealTree +-- parse-passwd@1.0.0
123 silly idealTree +-- parsejson@0.0.3
123 silly idealTree +-- parseqs@0.0.5
123 silly idealTree +-- parseuri@0.0.5
123 silly idealTree +-- parseurl@1.3.1
123 silly idealTree +-- path-dirname@1.0.2
123 silly idealTree +-- path-exists@2.1.0
123 silly idealTree +-- path-is-absolute@1.0.1
123 silly idealTree +-- path-key@2.0.1
123 silly idealTree +-- path-root-regex@0.1.2
123 silly idealTree +-- path-root@0.1.1
123 silly idealTree +-- path-type@1.1.0
123 silly idealTree +-- pause-stream@0.0.11
123 silly idealTree +-- pend@1.2.0
123 silly idealTree +-- pify@2.3.0
123 silly idealTree +-- pinkie-promise@2.0.1
123 silly idealTree +-- pinkie@2.0.4
123 silly idealTree +-- plur@2.1.2
123 silly idealTree +-- pngquant-bin@3.1.1
123 silly idealTree +-- portscanner@2.1.1
123 silly idealTree +-- postcss-value-parser@3.3.0
123 silly idealTree +-- postcss@5.2.9
123 silly idealTree | `-- supports-color@3.1.2
123 silly idealTree +-- prepend-http@1.0.4
123 silly idealTree +-- preserve@0.2.0
123 silly idealTree +-- pretty-bytes@4.0.2
123 silly idealTree +-- pretty-hrtime@1.0.3
123 silly idealTree +-- process-nextick-args@1.0.7
123 silly idealTree +-- promise.pipe@3.0.0
123 silly idealTree +-- pseudomap@1.0.2
123 silly idealTree +-- pump@1.0.2
123 silly idealTree +-- punycode@1.4.1
123 silly idealTree +-- q@1.4.1
123 silly idealTree +-- qs@6.2.1
123 silly idealTree +-- randomatic@1.1.6
123 silly idealTree +-- range-parser@1.2.0
123 silly idealTree +-- rc@1.1.6
123 silly idealTree +-- read-all-stream@3.1.0
123 silly idealTree +-- read-pkg-up@1.0.1
123 silly idealTree +-- read-pkg@1.1.0
123 silly idealTree +-- readable-stream@2.2.2
123 silly idealTree +-- readdirp@2.1.0
123 silly idealTree +-- rechoir@0.6.2
123 silly idealTree +-- redent@1.0.0
123 silly idealTree +-- regex-cache@0.4.3
123 silly idealTree +-- repeat-element@1.1.2
123 silly idealTree +-- repeat-string@1.6.1
123 silly idealTree +-- repeating@2.0.1
123 silly idealTree +-- replace-ext@0.0.1
123 silly idealTree +-- request@2.78.0
123 silly idealTree | `-- qs@6.3.0
123 silly idealTree +-- require-directory@2.1.1
123 silly idealTree +-- require-main-filename@1.0.1
123 silly idealTree +-- requires-port@1.0.0
123 silly idealTree +-- resolve-dir@0.1.1
123 silly idealTree +-- resolve@1.2.0
123 silly idealTree +-- resp-modifier@6.0.2
123 silly idealTree +-- rigger@0.5.10
123 silly idealTree | +-- async@0.2.10
123 silly idealTree | `-- underscore@1.6.0
123 silly idealTree +-- right-align@0.1.3
123 silly idealTree +-- rimraf@2.5.4
123 silly idealTree +-- rx@4.1.0
123 silly idealTree +-- sass-graph@2.1.2
123 silly idealTree | +-- camelcase@3.0.0
123 silly idealTree | +-- lodash@4.17.4
123 silly idealTree | +-- window-size@0.2.0
123 silly idealTree | +-- yargs-parser@2.4.1
123 silly idealTree | `-- yargs@4.8.1
123 silly idealTree +-- sax@1.2.1
123 silly idealTree +-- seek-bzip@1.0.5
123 silly idealTree +-- semver-regex@1.0.0
123 silly idealTree +-- semver-truncate@1.1.2
123 silly idealTree +-- semver@5.3.0
123 silly idealTree +-- send@0.14.1
123 silly idealTree | `-- mime@1.3.4
123 silly idealTree +-- sequencify@0.0.7
123 silly idealTree +-- serve-index@1.8.0
123 silly idealTree +-- serve-static@1.11.1
123 silly idealTree +-- server-destroy@1.0.1
123 silly idealTree +-- set-blocking@2.0.0
123 silly idealTree +-- set-immediate-shim@1.0.1
123 silly idealTree +-- setprototypeof@1.0.2
123 silly idealTree +-- sigmund@1.0.1
123 silly idealTree +-- signal-exit@3.0.2
123 silly idealTree +-- slash@1.0.0
123 silly idealTree +-- sntp@1.0.9
123 silly idealTree +-- socket.io-adapter@0.5.0
123 silly idealTree | +-- debug@2.3.3
123 silly idealTree | `-- ms@0.7.2
123 silly idealTree +-- socket.io-client@1.6.0
123 silly idealTree | +-- component-emitter@1.2.1
123 silly idealTree | +-- debug@2.3.3
123 silly idealTree | `-- ms@0.7.2
123 silly idealTree +-- socket.io-parser@2.3.1
123 silly idealTree | `-- isarray@0.0.1
123 silly idealTree +-- socket.io@1.6.0
123 silly idealTree | +-- debug@2.3.3
123 silly idealTree | `-- ms@0.7.2
123 silly idealTree +-- source-map@0.5.6
123 silly idealTree +-- sparkles@1.0.0
123 silly idealTree +-- spdx-correct@1.0.2
123 silly idealTree +-- spdx-expression-parse@1.0.4
123 silly idealTree +-- spdx-license-ids@1.2.2
123 silly idealTree +-- split@0.2.10
123 silly idealTree +-- sprintf-js@1.0.3
123 silly idealTree +-- squeak@1.3.0
123 silly idealTree +-- sshpk@1.10.1
123 silly idealTree | `-- assert-plus@1.0.0
123 silly idealTree +-- stat-mode@0.2.2
123 silly idealTree +-- statuses@1.3.1
123 silly idealTree +-- stream-combiner@0.0.4
123 silly idealTree +-- stream-combiner2@1.1.1
123 silly idealTree +-- stream-consume@0.1.0
123 silly idealTree +-- stream-shift@1.0.0
123 silly idealTree +-- stream-throttle@0.1.3
123 silly idealTree +-- string_decoder@0.10.31
123 silly idealTree +-- string-width@1.0.2
123 silly idealTree +-- stringstream@0.0.5
123 silly idealTree +-- strip-ansi@3.0.1
123 silly idealTree +-- strip-bom-stream@1.0.0
123 silly idealTree +-- strip-bom@2.0.0
123 silly idealTree +-- strip-dirs@1.1.1
123 silly idealTree +-- strip-eof@1.0.0
123 silly idealTree +-- strip-indent@1.0.1
123 silly idealTree +-- strip-json-comments@1.0.4
123 silly idealTree +-- strip-outer@1.0.0
123 silly idealTree +-- sum-up@1.0.3
123 silly idealTree +-- supports-color@2.0.0
123 silly idealTree +-- svgo@0.7.1
123 silly idealTree +-- tar-stream@1.5.2
123 silly idealTree +-- tar@2.2.1
123 silly idealTree +-- tempfile@1.1.1
123 silly idealTree +-- tfunk@3.1.0
123 silly idealTree +-- through@2.3.8
123 silly idealTree +-- through2-concurrent@1.1.1
123 silly idealTree | `-- through2@2.0.3
123 silly idealTree +-- through2-filter@2.0.0
123 silly idealTree | `-- through2@2.0.3
123 silly idealTree +-- through2@0.6.5
123 silly idealTree | +-- isarray@0.0.1
123 silly idealTree | `-- readable-stream@1.0.34
123 silly idealTree +-- tildify@1.2.0
123 silly idealTree +-- time-stamp@1.0.1
123 silly idealTree +-- timed-out@3.1.3
123 silly idealTree +-- to-absolute-glob@0.1.1
123 silly idealTree +-- to-array@0.1.4
123 silly idealTree +-- tough-cookie@2.3.2
123 silly idealTree +-- trim-newlines@1.0.0
123 silly idealTree +-- trim-repeated@1.0.0
123 silly idealTree +-- tunnel-agent@0.4.3
123 silly idealTree +-- tweetnacl@0.14.5
123 silly idealTree +-- typedarray@0.0.6
123 silly idealTree +-- ua-parser-js@0.7.12
123 silly idealTree +-- uglify-js@2.7.0
123 silly idealTree | +-- async@0.2.10
123 silly idealTree | +-- camelcase@1.2.1
123 silly idealTree | +-- cliui@2.1.0
123 silly idealTree | +-- window-size@0.1.0
123 silly idealTree | `-- yargs@3.10.0
123 silly idealTree +-- uglify-save-license@0.4.1
123 silly idealTree +-- uglify-to-browserify@1.0.2
123 silly idealTree +-- ultron@1.0.2
123 silly idealTree +-- unc-path-regex@0.1.2
123 silly idealTree +-- underscore@1.7.0
123 silly idealTree +-- unique-stream@2.2.1
123 silly idealTree +-- unpipe@1.0.0
123 silly idealTree +-- unzip-response@1.0.2
123 silly idealTree +-- url-parse-lax@1.0.0
123 silly idealTree +-- url-regex@3.2.0
123 silly idealTree +-- urlish@0.1.0
123 silly idealTree +-- user-home@1.1.1
123 silly idealTree +-- util-deprecate@1.0.2
123 silly idealTree +-- utils-merge@1.0.0
123 silly idealTree +-- uuid@2.0.3
123 silly idealTree +-- v8flags@2.0.11
123 silly idealTree +-- vali-date@1.0.0
123 silly idealTree +-- validate-npm-package-license@3.0.1
123 silly idealTree +-- verror@1.3.6
123 silly idealTree +-- vinyl-assign@1.2.1
123 silly idealTree +-- vinyl-file@2.0.0
123 silly idealTree | +-- first-chunk-stream@2.0.0
123 silly idealTree | `-- strip-bom-stream@2.0.0
123 silly idealTree +-- vinyl-fs@2.4.4
123 silly idealTree | `-- through2@2.0.3
123 silly idealTree +-- vinyl-sourcemaps-apply@0.2.1
123 silly idealTree +-- vinyl@1.2.0
123 silly idealTree +-- vlq@0.2.1
123 silly idealTree +-- ware@1.3.0
123 silly idealTree +-- weinre@2.0.0-pre-I0Z7U9OV
123 silly idealTree +-- whet.extend@0.9.9
123 silly idealTree +-- which-module@1.0.0
123 silly idealTree +-- which@1.2.12
123 silly idealTree +-- wide-align@1.1.0
123 silly idealTree +-- window-size@0.1.4
123 silly idealTree +-- wordwrap@0.0.2
123 silly idealTree +-- wrap-ansi@2.1.0
123 silly idealTree +-- wrap-fn@0.1.5
123 silly idealTree +-- wrappy@1.0.2
123 silly idealTree +-- ws@1.1.1
123 silly idealTree +-- wtf-8@1.0.0
123 silly idealTree +-- xmlhttprequest-ssl@1.5.3
123 silly idealTree +-- xtend@4.0.1
123 silly idealTree +-- y18n@3.2.1
123 silly idealTree +-- yallist@2.0.0
123 silly idealTree +-- yargs-parser@4.2.1
123 silly idealTree | `-- camelcase@3.0.0
123 silly idealTree +-- yargs@6.4.0
123 silly idealTree | +-- camelcase@3.0.0
123 silly idealTree | `-- window-size@0.2.0
123 silly idealTree +-- yauzl@2.7.0
123 silly idealTree `-- yeast@0.1.2
124 silly generateActionsToTake Starting
125 silly install generateActionsToTake
126 silly generateActionsToTake Finishing
127 silly diffTrees action count 2
128 silly diffTrees add jpeg-recompress-bin@3.0.1
129 silly diffTrees add imagemin-jpeg-recompress@5.1.0
130 silly decomposeActions action count 16
131 silly decomposeActions fetch jpeg-recompress-bin@3.0.1
132 silly decomposeActions extract jpeg-recompress-bin@3.0.1
133 silly decomposeActions test jpeg-recompress-bin@3.0.1
134 silly decomposeActions preinstall jpeg-recompress-bin@3.0.1
135 silly decomposeActions build jpeg-recompress-bin@3.0.1
136 silly decomposeActions install jpeg-recompress-bin@3.0.1
137 silly decomposeActions postinstall jpeg-recompress-bin@3.0.1
138 silly decomposeActions finalize jpeg-recompress-bin@3.0.1
139 silly decomposeActions fetch imagemin-jpeg-recompress@5.1.0
140 silly decomposeActions extract imagemin-jpeg-recompress@5.1.0
141 silly decomposeActions test imagemin-jpeg-recompress@5.1.0
142 silly decomposeActions preinstall imagemin-jpeg-recompress@5.1.0
143 silly decomposeActions build imagemin-jpeg-recompress@5.1.0
144 silly decomposeActions install imagemin-jpeg-recompress@5.1.0
145 silly decomposeActions postinstall imagemin-jpeg-recompress@5.1.0
146 silly decomposeActions finalize imagemin-jpeg-recompress@5.1.0
147 silly runTopLevelLifecycles Starting
148 silly executeActions Starting
149 silly install executeActions
150 silly doSerial global-install 0
151 silly doParallel fetch 2
152 verbose correctMkdir C:\Documents and Settings\Sbyt\Application Data\npm-cache\_locks correctMkdir not in flight; initializing
153 verbose lock using C:\Documents and Settings\Sbyt\Application Data\npm-cache\_locks\staging-7649a3021c34445c.lock for D:\\\InBrace\node_modules\.staging
154 silly doParallel extract 2
155 silly extract jpeg-recompress-bin@3.0.1
156 silly extract imagemin-jpeg-recompress@5.1.0
157 verbose unbuild node_modules\.staging\jpeg-recompress-bin-ff9e67de
158 verbose unbuild node_modules\.staging\imagemin-jpeg-recompress-b90244e2
159 silly gentlyRm D:\\\InBrace\node_modules\.staging\jpeg-recompress-bin-ff9e67de is being purged from base D:\\\InBrace
160 verbose gentlyRm don't care about contents; nuking D:\\\InBrace\node_modules\.staging\jpeg-recompress-bin-ff9e67de
161 verbose tar unpack C:\Documents and Settings\Sbyt\Application Data\npm-cache\jpeg-recompress-bin\3.0.1\package.tgz
162 verbose tar unpacking to D:\\\InBrace\node_modules\.staging\jpeg-recompress-bin-ff9e67de
163 silly gentlyRm D:\\\InBrace\node_modules\.staging\jpeg-recompress-bin-ff9e67de is being purged
164 verbose gentlyRm don't care about contents; nuking D:\\\InBrace\node_modules\.staging\jpeg-recompress-bin-ff9e67de
165 silly gentlyRm D:\\\InBrace\node_modules\.staging\imagemin-jpeg-recompress-b90244e2 is being purged from base D:\\\InBrace
166 verbose gentlyRm don't care about contents; nuking D:\\\InBrace\node_modules\.staging\imagemin-jpeg-recompress-b90244e2
167 silly gunzTarPerm modes [ '777', '666' ]
168 verbose tar unpack C:\Documents and Settings\Sbyt\Application Data\npm-cache\imagemin-jpeg-recompress\5.1.0\package.tgz
169 verbose tar unpacking to D:\\\InBrace\node_modules\.staging\imagemin-jpeg-recompress-b90244e2
170 silly gentlyRm D:\\\InBrace\node_modules\.staging\imagemin-jpeg-recompress-b90244e2 is being purged
171 verbose gentlyRm don't care about contents; nuking D:\\\InBrace\node_modules\.staging\imagemin-jpeg-recompress-b90244e2
172 silly gunzTarPerm modes [ '777', '666' ]
173 silly gunzTarPerm extractEntry package.json
174 silly gunzTarPerm modified mode [ 'package.json', 420, 438 ]
175 silly gunzTarPerm extractEntry package.json
176 silly gunzTarPerm modified mode [ 'package.json', 420, 438 ]
177 silly gunzTarPerm extractEntry cli.js
178 silly gunzTarPerm modified mode [ 'cli.js', 420, 438 ]
179 silly gunzTarPerm extractEntry index.js
180 silly gunzTarPerm modified mode [ 'index.js', 420, 438 ]
181 silly gunzTarPerm extractEntry index.js
182 silly gunzTarPerm modified mode [ 'index.js', 493, 511 ]
183 silly gunzTarPerm extractEntry license
184 silly gunzTarPerm modified mode [ 'license', 420, 438 ]
185 silly gunzTarPerm extractEntry lib/index.js
186 silly gunzTarPerm modified mode [ 'lib/index.js', 420, 438 ]
187 silly gunzTarPerm extractEntry lib/install.js
188 silly gunzTarPerm modified mode [ 'lib/install.js', 420, 438 ]
189 silly gunzTarPerm extractEntry readme.md
190 silly gunzTarPerm modified mode [ 'readme.md', 493, 511 ]
191 silly gunzTarPerm extractEntry license
192 silly gunzTarPerm modified mode [ 'license', 420, 438 ]
193 silly gunzTarPerm extractEntry readme.md
194 silly gunzTarPerm modified mode [ 'readme.md', 420, 438 ]
195 silly gentlyRm D:\\\InBrace\node_modules\.staging\imagemin-jpeg-recompress-b90244e2\node_modules is being purged
196 verbose gentlyRm don't care about contents; nuking D:\\\InBrace\node_modules\.staging\imagemin-jpeg-recompress-b90244e2\node_modules
197 silly gentlyRm D:\\\InBrace\node_modules\.staging\jpeg-recompress-bin-ff9e67de\node_modules is being purged
198 verbose gentlyRm don't care about contents; nuking D:\\\InBrace\node_modules\.staging\jpeg-recompress-bin-ff9e67de\node_modules
199 silly doParallel preinstall 2
200 silly preinstall jpeg-recompress-bin@3.0.1
201 info lifecycle jpeg-recompress-bin@3.0.1~preinstall: jpeg-recompress-bin@3.0.1
202 silly preinstall imagemin-jpeg-recompress@5.1.0
203 info lifecycle imagemin-jpeg-recompress@5.1.0~preinstall: imagemin-jpeg-recompress@5.1.0
204 silly lifecycle jpeg-recompress-bin@3.0.1~preinstall: no script for preinstall, continuing
205 silly lifecycle imagemin-jpeg-recompress@5.1.0~preinstall: no script for preinstall, continuing
206 silly doReverseSerial remove 0
207 silly doSerial move 0
208 silly doSerial finalize 2
209 silly finalize D:\\\InBrace\node_modules\jpeg-recompress-bin
210 silly finalize D:\\\InBrace\node_modules\imagemin-jpeg-recompress
211 silly doSerial build 2
212 silly build jpeg-recompress-bin@3.0.1
213 info linkStuff jpeg-recompress-bin@3.0.1
214 silly linkStuff jpeg-recompress-bin@3.0.1 has D:\\\InBrace\node_modules as its parent node_modules
215 verbose linkBins jpeg-recompress-bin@3.0.1
216 verbose linkBins [ { 'jpeg-recompress': 'cli.js' },
216 verbose linkBins   'D:\\\\\\InBrace\\node_modules\\.bin',
216 verbose linkBins   false ]
217 verbose linkMans jpeg-recompress-bin@3.0.1
218 silly build imagemin-jpeg-recompress@5.1.0
219 info linkStuff imagemin-jpeg-recompress@5.1.0
220 silly linkStuff imagemin-jpeg-recompress@5.1.0 has D:\\\InBrace\node_modules as its parent node_modules
221 verbose linkBins imagemin-jpeg-recompress@5.1.0
222 verbose linkMans imagemin-jpeg-recompress@5.1.0
223 silly doSerial global-link 0
224 silly doParallel update-linked 0
225 silly doSerial install 2
226 silly install jpeg-recompress-bin@3.0.1
227 info lifecycle jpeg-recompress-bin@3.0.1~install: jpeg-recompress-bin@3.0.1
228 silly lifecycle jpeg-recompress-bin@3.0.1~install: no script for install, continuing
229 silly install imagemin-jpeg-recompress@5.1.0
230 info lifecycle imagemin-jpeg-recompress@5.1.0~install: imagemin-jpeg-recompress@5.1.0
231 silly lifecycle imagemin-jpeg-recompress@5.1.0~install: no script for install, continuing
232 silly doSerial postinstall 2
233 silly postinstall jpeg-recompress-bin@3.0.1
234 info lifecycle jpeg-recompress-bin@3.0.1~postinstall: jpeg-recompress-bin@3.0.1
235 verbose lifecycle jpeg-recompress-bin@3.0.1~postinstall: unsafe-perm in lifecycle true
236 verbose lifecycle jpeg-recompress-bin@3.0.1~postinstall: PATH: C:\Documents and Settings\Sbyt\Application Data\npm\node_modules\npm\bin\node-gyp-bin;D:\\\InBrace\node_modules\jpeg-recompress-bin\node_modules\.bin;D:\\\InBrace\node_modules\.bin;C:\Documents and Settings\Sbyt\bin;C:\Program Files\Git\mingw32\bin;C:\Program Files\Git\usr\local\bin;C:\Program Files\Git\usr\bin;C:\Program Files\Git\usr\bin;C:\Program Files\Git\mingw32\bin;C:\Program Files\Git\usr\bin;C:\Documents and Settings\Sbyt\bin;C:\WINDOWS\system32;C:\WINDOWS;C:\WINDOWS\System32\Wbem;C:\Program Files\Common Files\Adobe\AGL;C:\Program Files\Brackets\command;C:\Program Files\Skype\Phone;C:\Program Files\Git\cmd;C:\Program Files\nodejs;C:\php;C:\Documents and Settings\All Users.WINDOWS\Application Data\ComposerSetup\bin;C:\Documents and Settings\Sbyt\Application Data\npm;C:\Documents and Settings\Sbyt\Application Data\Composer\vendor\bin;C:\Program Files\Git\usr\bin\vendor_perl;C:\Program Files\Git\usr\bin\core_perl
237 verbose lifecycle jpeg-recompress-bin@3.0.1~postinstall: CWD: D:\\\InBrace\node_modules\jpeg-recompress-bin
238 silly lifecycle jpeg-recompress-bin@3.0.1~postinstall: Args: [ '/d /s /c', 'node lib/install.js' ]
239 silly lifecycle jpeg-recompress-bin@3.0.1~postinstall: Returned: code: 1  signal: null
240 info lifecycle jpeg-recompress-bin@3.0.1~postinstall: Failed to exec postinstall script
241 verbose unlock done using C:\Documents and Settings\Sbyt\Application Data\npm-cache\_locks\staging-7649a3021c34445c.lock for D:\\\InBrace\node_modules\.staging
242 silly rollbackFailedOptional Starting
243 silly gentlyRm D:\\\InBrace\node_modules\jpeg-recompress-bin is being purged from base D:\\\InBrace
244 verbose gentlyRm don't care about contents; nuking D:\\\InBrace\node_modules\jpeg-recompress-bin
245 silly gentlyRm D:\\\InBrace\node_modules\jpeg-recompress-bin is being purged from base D:\\\InBrace
246 verbose gentlyRm don't care about contents; nuking D:\\\InBrace\node_modules\jpeg-recompress-bin
247 silly gentlyRm D:\\\InBrace\node_modules\jpeg-recompress-bin is being purged from base D:\\\InBrace
248 verbose gentlyRm don't care about contents; nuking D:\\\InBrace\node_modules\jpeg-recompress-bin
249 silly gentlyRm D:\\\InBrace\node_modules\jpeg-recompress-bin is being purged from base D:\\\InBrace
250 verbose gentlyRm don't care about contents; nuking D:\\\InBrace\node_modules\jpeg-recompress-bin
251 silly gentlyRm D:\\\InBrace\node_modules\jpeg-recompress-bin is being purged from base D:\\\InBrace
252 verbose gentlyRm don't care about contents; nuking D:\\\InBrace\node_modules\jpeg-recompress-bin
253 silly gentlyRm D:\\\InBrace\node_modules\jpeg-recompress-bin is being purged from base D:\\\InBrace
254 verbose gentlyRm don't care about contents; nuking D:\\\InBrace\node_modules\jpeg-recompress-bin
255 silly gentlyRm D:\\\InBrace\node_modules\jpeg-recompress-bin is being purged from base D:\\\InBrace
256 verbose gentlyRm don't care about contents; nuking D:\\\InBrace\node_modules\jpeg-recompress-bin
257 silly gentlyRm D:\\\InBrace\node_modules\jpeg-recompress-bin is being purged from base D:\\\InBrace
258 verbose gentlyRm don't care about contents; nuking D:\\\InBrace\node_modules\jpeg-recompress-bin
259 silly gentlyRm D:\\\InBrace\node_modules\imagemin-jpeg-recompress is being purged from base D:\\\InBrace
260 verbose gentlyRm don't care about contents; nuking D:\\\InBrace\node_modules\imagemin-jpeg-recompress
261 silly gentlyRm D:\\\InBrace\node_modules\imagemin-jpeg-recompress is being purged from base D:\\\InBrace
262 verbose gentlyRm don't care about contents; nuking D:\\\InBrace\node_modules\imagemin-jpeg-recompress
263 silly gentlyRm D:\\\InBrace\node_modules\imagemin-jpeg-recompress is being purged from base D:\\\InBrace
264 verbose gentlyRm don't care about contents; nuking D:\\\InBrace\node_modules\imagemin-jpeg-recompress
265 silly gentlyRm D:\\\InBrace\node_modules\imagemin-jpeg-recompress is being purged from base D:\\\InBrace
266 verbose gentlyRm don't care about contents; nuking D:\\\InBrace\node_modules\imagemin-jpeg-recompress
267 silly gentlyRm D:\\\InBrace\node_modules\imagemin-jpeg-recompress is being purged from base D:\\\InBrace
268 verbose gentlyRm don't care about contents; nuking D:\\\InBrace\node_modules\imagemin-jpeg-recompress
269 silly gentlyRm D:\\\InBrace\node_modules\imagemin-jpeg-recompress is being purged from base D:\\\InBrace
270 verbose gentlyRm don't care about contents; nuking D:\\\InBrace\node_modules\imagemin-jpeg-recompress
271 silly gentlyRm D:\\\InBrace\node_modules\imagemin-jpeg-recompress is being purged from base D:\\\InBrace
272 verbose gentlyRm don't care about contents; nuking D:\\\InBrace\node_modules\imagemin-jpeg-recompress
273 silly gentlyRm D:\\\InBrace\node_modules\imagemin-jpeg-recompress is being purged from base D:\\\InBrace
274 verbose gentlyRm don't care about contents; nuking D:\\\InBrace\node_modules\imagemin-jpeg-recompress
275 silly vacuum-fs purging D:\\\InBrace\node_modules\jpeg-recompress-bin
276 silly vacuum-fs purging D:\\\InBrace\node_modules\jpeg-recompress-bin
277 silly vacuum-fs purging D:\\\InBrace\node_modules\jpeg-recompress-bin
278 silly vacuum-fs purging D:\\\InBrace\node_modules\jpeg-recompress-bin
279 silly vacuum-fs purging D:\\\InBrace\node_modules\jpeg-recompress-bin
280 silly vacuum-fs purging D:\\\InBrace\node_modules\jpeg-recompress-bin
281 silly vacuum-fs purging D:\\\InBrace\node_modules\jpeg-recompress-bin
282 silly vacuum-fs purging D:\\\InBrace\node_modules\jpeg-recompress-bin
283 silly vacuum-fs purging D:\\\InBrace\node_modules\imagemin-jpeg-recompress
284 silly vacuum-fs purging D:\\\InBrace\node_modules\imagemin-jpeg-recompress
285 silly vacuum-fs purging D:\\\InBrace\node_modules\imagemin-jpeg-recompress
286 silly vacuum-fs purging D:\\\InBrace\node_modules\imagemin-jpeg-recompress
287 silly vacuum-fs purging D:\\\InBrace\node_modules\imagemin-jpeg-recompress
288 silly vacuum-fs purging D:\\\InBrace\node_modules\imagemin-jpeg-recompress
289 silly vacuum-fs purging D:\\\InBrace\node_modules\imagemin-jpeg-recompress
290 silly vacuum-fs purging D:\\\InBrace\node_modules\imagemin-jpeg-recompress
291 silly vacuum-fs quitting because other entries in D:\\\InBrace\node_modules
292 silly vacuum-fs quitting because other entries in D:\\\InBrace\node_modules
293 silly vacuum-fs quitting because other entries in D:\\\InBrace\node_modules
294 silly vacuum-fs quitting because other entries in D:\\\InBrace\node_modules
295 silly vacuum-fs quitting because other entries in D:\\\InBrace\node_modules
296 silly vacuum-fs quitting because other entries in D:\\\InBrace\node_modules
297 silly vacuum-fs quitting because other entries in D:\\\InBrace\node_modules
298 silly vacuum-fs quitting because other entries in D:\\\InBrace\node_modules
299 silly vacuum-fs quitting because other entries in D:\\\InBrace\node_modules
300 silly vacuum-fs quitting because other entries in D:\\\InBrace\node_modules
301 silly vacuum-fs quitting because other entries in D:\\\InBrace\node_modules
302 silly vacuum-fs quitting because other entries in D:\\\InBrace\node_modules
303 silly vacuum-fs quitting because other entries in D:\\\InBrace\node_modules
304 silly vacuum-fs quitting because other entries in D:\\\InBrace\node_modules
305 silly vacuum-fs quitting because other entries in D:\\\InBrace\node_modules
306 silly vacuum-fs quitting because other entries in D:\\\InBrace\node_modules
307 silly rollbackFailedOptional Finishing
308 silly runTopLevelLifecycles Finishing
309 silly install printInstalled
310 warn optional SKIPPING OPTIONAL DEPENDENCY: fsevents@^1.0.0 (node_modules\chokidar\node_modules\fsevents):
311 warn notsup SKIPPING OPTIONAL DEPENDENCY: Unsupported platform for fsevents@1.0.17: wanted {"os":"darwin","arch":"any"} (current: {"os":"win32","arch":"ia32"})
312 verbose notsup SKIPPING OPTIONAL DEPENDENCY: Valid OS:    darwin
312 verbose notsup SKIPPING OPTIONAL DEPENDENCY: Valid Arch:  any
312 verbose notsup SKIPPING OPTIONAL DEPENDENCY: Actual OS:   win32
312 verbose notsup SKIPPING OPTIONAL DEPENDENCY: Actual Arch: ia32
313 verbose stack Error: jpeg-recompress-bin@3.0.1 postinstall: `node lib/install.js`
313 verbose stack Exit status 1
313 verbose stack     at EventEmitter.<anonymous> (C:\Documents and Settings\Sbyt\Application Data\npm\node_modules\npm\lib\utils\lifecycle.js:279:16)
313 verbose stack     at emitTwo (events.js:100:13)
313 verbose stack     at EventEmitter.emit (events.js:185:7)
313 verbose stack     at ChildProcess.<anonymous> (C:\Documents and Settings\Sbyt\Application Data\npm\node_modules\npm\lib\utils\spawn.js:40:14)
313 verbose stack     at emitTwo (events.js:100:13)
313 verbose stack     at ChildProcess.emit (events.js:185:7)
313 verbose stack     at maybeClose (internal/child_process.js:850:16)
313 verbose stack     at Process.ChildProcess._handle.onexit (internal/child_process.js:215:5)
314 verbose pkgid jpeg-recompress-bin@3.0.1
315 verbose cwd D:\\\InBrace
316 error Windows_NT 5.1.2600
317 error argv "C:\\Program Files\\nodejs\\node.exe" "C:\\Documents and Settings\\Sbyt\\Application Data\\npm\\node_modules\\npm\\bin\\npm-cli.js" "i" "--save-dev" "imagemin-jpeg-recompress"
318 error node v5.12.0
319 error npm  v4.0.5
320 error code ELIFECYCLE
321 error jpeg-recompress-bin@3.0.1 postinstall: `node lib/install.js`
321 error Exit status 1
322 error Failed at the jpeg-recompress-bin@3.0.1 postinstall script 'node lib/install.js'.
322 error Make sure you have the latest version of node.js and npm installed.
322 error If you do, this is most likely a problem with the jpeg-recompress-bin package,
322 error not with npm itself.
322 error Tell the author that this fails on your system:
322 error     node lib/install.js
322 error You can get information on how to open an issue for this project with:
322 error     npm bugs jpeg-recompress-bin
322 error Or if that isn't available, you can get their info via:
322 error     npm owner ls jpeg-recompress-bin
322 error There is likely additional logging output above.
323 verbose exit [ 1, true ]
